{
  "stats": {
    "suites": 8,
    "tests": 40,
    "passes": 36,
    "failures": 6,
    "pending": 0,
    "duration": 861812,
    "start": "2026-04-06T12:35:57.979Z",
    "end": "2026-04-06T12:50:19.791Z"
  },
  "passes": [
    {
      "fullTitle": "Unified Privacy Bridges Suite PrivateERC20 Public-Amount Functions (PrivateCOTI) Test 22: PrivateCOTI: mint(address,uint256) should mint tokens and emit Transfer",
      "title": "Test 22: PrivateCOTI: mint(address,uint256) should mint tokens and emit Transfer",
      "duration": 15758,
      "status": "passed",
      "callLog": [
        {
          "method": "PrivateCOTI.mint(address,uint256)",
          "args": [
            "0xAb81c57CCc578a5636BFF47B896BEC6Af1c30012",
            "10"
          ],
          "txHash": "0x6753ef595d7c1211a8eaa70fbee8da08d5e9ce7e9ce3df1815798a7642f192c6",
          "description": "mint(owner, 10) on PrivateCOTI"
        }
      ]
    },
    {
      "fullTitle": "Unified Privacy Bridges Suite PrivateERC20 Public-Amount Functions (PrivateCOTI) Test 23: PrivateCOTI: mint(address,uint256) should revert for non-MINTER_ROLE",
      "title": "Test 23: PrivateCOTI: mint(address,uint256) should revert for non-MINTER_ROLE",
      "duration": 10670,
      "status": "passed",
      "callLog": []
    },
    {
      "fullTitle": "Unified Privacy Bridges Suite PrivateERC20 Public-Amount Functions (PrivateCOTI) Test 24: PrivateCOTI: burn(uint256) should burn tokens and emit Transfer",
      "title": "Test 24: PrivateCOTI: burn(uint256) should burn tokens and emit Transfer",
      "duration": 20463,
      "status": "passed",
      "callLog": [
        {
          "method": "PrivateCOTI.burn(uint256)",
          "args": [
            "1"
          ],
          "txHash": "0x6905cf014a723747f44457de0ac20c9166d77045e2934eee1ad87ab4080ece5b",
          "description": "burn(1) on PrivateCOTI"
        }
      ]
    },
    {
      "fullTitle": "Unified Privacy Bridges Suite PrivateERC20 Public-Amount Functions (PrivateCOTI) Test 25: PrivateCOTI: transfer(address,uint256) should transfer tokens and emit Transfer",
      "title": "Test 25: PrivateCOTI: transfer(address,uint256) should transfer tokens and emit Transfer",
      "duration": 19663,
      "status": "passed",
      "callLog": [
        {
          "method": "PrivateCOTI.transfer(address,uint256)",
          "args": [
            "0x226D3Eb51e24D98150e682d0337c214779cD52A2",
            "2"
          ],
          "txHash": "0xe45f0239f76305743e13fa8dd29adfb7c260ac730be73686b5daef056631f4d5",
          "description": "transfer(user1, 2) on PrivateCOTI"
        }
      ]
    },
    {
      "fullTitle": "Unified Privacy Bridges Suite PrivateERC20 Public-Amount Functions (PrivateCOTI) Test 26: PrivateCOTI: approve(address,uint256) should set allowance and emit Approval",
      "title": "Test 26: PrivateCOTI: approve(address,uint256) should set allowance and emit Approval",
      "duration": 19715,
      "status": "passed",
      "callLog": [
        {
          "method": "PrivateCOTI.approve(address,uint256)",
          "args": [
            "0x226D3Eb51e24D98150e682d0337c214779cD52A2",
            "2"
          ],
          "txHash": "0x1ee3678777100bbe6df59fa2b3d38bb94eb2ac95c68a91ee7d050264a6671079",
          "description": "approve(user1, 2) on PrivateCOTI"
        }
      ]
    },
    {
      "fullTitle": "Unified Privacy Bridges Suite PrivateERC20 Public-Amount Functions (PrivateCOTI) Test 27: PrivateCOTI: transferFrom(address,address,uint256) should spend allowance and emit Transfer",
      "title": "Test 27: PrivateCOTI: transferFrom(address,address,uint256) should spend allowance and emit Transfer",
      "duration": 14672,
      "status": "passed",
      "callLog": [
        {
          "method": "PrivateCOTI.transferFrom(address,address,uint256)",
          "args": [
            "0xAb81c57CCc578a5636BFF47B896BEC6Af1c30012",
            "0x226D3Eb51e24D98150e682d0337c214779cD52A2",
            "2"
          ],
          "txHash": "0x4dadc4fd5416ff4208b00cbc25e0aed5a87122061c84563344cb844fd5d19cb8",
          "description": "transferFrom(owner→user1, 2) on PrivateCOTI"
        }
      ]
    },
    {
      "fullTitle": "Unified Privacy Bridges Suite PrivateERC20 Public-Amount Functions (PrivateCOTI) Test 28: PrivateCOTI (extend): setAccountEncryptionAddress & accountEncryptionAddress",
      "title": "Test 28: PrivateCOTI (extend): setAccountEncryptionAddress & accountEncryptionAddress",
      "duration": 14454,
      "status": "passed",
      "callLog": [
        {
          "method": "PrivateCOTI.setAccountEncryptionAddress",
          "args": [
            "<mock_address>"
          ],
          "txHash": "0x78e45736d6c849f8d880b641b3289d6649f29d157381e19e0b15071f2863a9f1",
          "description": "setAccountEncryptionAddress on PrivateCOTI"
        }
      ]
    },
    {
      "fullTitle": "Unified Privacy Bridges Suite PrivateERC20 Public-Amount Functions (PrivateCOTI) Test 30: PrivateCOTI (extend): transfer(itUint256,address) with encrypted payload",
      "title": "Test 30: PrivateCOTI (extend): transfer(itUint256,address) with encrypted payload",
      "duration": 14446,
      "status": "passed",
      "callLog": [
        {
          "method": "PrivateCOTI.transfer(to, itAmount)",
          "args": [
            "0x226D3Eb51e24D98150e682d0337c214779cD52A2",
            "<encrypted>"
          ],
          "txHash": "0xf7e8660141787d15bfff53e8f53f54728e1d115d9627cfbb658830b851b9ca92",
          "description": "transfer(itUint256) on PrivateCOTI"
        }
      ]
    },
    {
      "fullTitle": "Unified Privacy Bridges Suite PrivateERC20 Public-Amount Functions (PrivateCOTI) Test 31: PrivateCOTI (extend): approve(address,itUint256) and allowance checks",
      "title": "Test 31: PrivateCOTI (extend): approve(address,itUint256) and allowance checks",
      "duration": 29930,
      "status": "passed",
      "callLog": [
        {
          "method": "PrivateCOTI.approve(spender, itAmount)",
          "args": [
            "0x226D3Eb51e24D98150e682d0337c214779cD52A2",
            "<encrypted>"
          ],
          "txHash": "0xd935ba3a3941bd7ba694fd573019dd3d4910f4f5c21b68cec4231bbbbf395c5f",
          "description": "approve(itUint256) on PrivateCOTI"
        },
        {
          "method": "PrivateCOTI.reencryptAllowance",
          "args": [
            "0x226D3Eb51e24D98150e682d0337c214779cD52A2",
            "true"
          ],
          "txHash": "0x4b7abff70f1755f3dfdeb0bd04857584a4ad5c2f34c95b417f69fe4b9634bc6c",
          "description": "reencryptAllowance on PrivateCOTI"
        }
      ]
    },
    {
      "fullTitle": "Unified Privacy Bridges Suite PrivateERC20 Public-Amount Functions (PrivateCOTI) Test 32: PrivateCOTI (extend): transferFrom(address,address,itUint256)",
      "title": "Test 32: PrivateCOTI (extend): transferFrom(address,address,itUint256)",
      "duration": 30422,
      "status": "passed",
      "callLog": [
        {
          "method": "PrivateCOTI.approve(address,uint256)",
          "args": [
            "0xAb81c57CCc578a5636BFF47B896BEC6Af1c30012",
            "1"
          ],
          "txHash": "0xf151d3455cbc2f6255a29c2810f8664f16b57b50765b30a9eeadb44750369f60",
          "description": "Approve owner as spender for PrivateCOTI encrypted transferFrom"
        },
        {
          "method": "PrivateCOTI.transferFrom(from, to, itAmount)",
          "args": [
            "0xAb81c57CCc578a5636BFF47B896BEC6Af1c30012",
            "0x226D3Eb51e24D98150e682d0337c214779cD52A2",
            "<encrypted>"
          ],
          "txHash": "0x541b65a320497fa94e3933b21efcbdb8174be9c0d76d488c3d803fe236fc1350",
          "description": "transferFrom(itUint256) on PrivateCOTI"
        },
        {
          "method": "PrivateWrappedEther.grantRole",
          "args": [
            "MINTER_ROLE",
            "0xAb81c57CCc578a5636BFF47B896BEC6Af1c30012"
          ],
          "txHash": "0xe75423eb5ef0225cae198309d29377a952aa2754a01d412da76595470b717b29",
          "description": "Grant MINTER_ROLE to owner for PrivateWrappedEther"
        }
      ]
    },
    {
      "fullTitle": "Unified Privacy Bridges Suite PrivateERC20 Public-Amount Functions (PrivateWrappedEther) Test 33: PrivateWrappedEther: mint(address,uint256) should mint tokens and emit Transfer",
      "title": "Test 33: PrivateWrappedEther: mint(address,uint256) should mint tokens and emit Transfer",
      "duration": 15511,
      "status": "passed",
      "callLog": [
        {
          "method": "PrivateWrappedEther.mint(address,uint256)",
          "args": [
            "0xAb81c57CCc578a5636BFF47B896BEC6Af1c30012",
            "10"
          ],
          "txHash": "0x4e3edd66ab51260972da223b70af9963dddcbc2973e112d56c981890e02a488b",
          "description": "mint(owner, 10) on PrivateWrappedEther"
        }
      ]
    },
    {
      "fullTitle": "Unified Privacy Bridges Suite PrivateERC20 Public-Amount Functions (PrivateWrappedEther) Test 34: PrivateWrappedEther: mint(address,uint256) should revert for non-MINTER_ROLE",
      "title": "Test 34: PrivateWrappedEther: mint(address,uint256) should revert for non-MINTER_ROLE",
      "duration": 10913,
      "status": "passed",
      "callLog": []
    },
    {
      "fullTitle": "Unified Privacy Bridges Suite PrivateERC20 Public-Amount Functions (PrivateWrappedEther) Test 35: PrivateWrappedEther: burn(uint256) should burn tokens and emit Transfer",
      "title": "Test 35: PrivateWrappedEther: burn(uint256) should burn tokens and emit Transfer",
      "duration": 19974,
      "status": "passed",
      "callLog": [
        {
          "method": "PrivateWrappedEther.burn(uint256)",
          "args": [
            "1"
          ],
          "txHash": "0x6418ef1ac238cc820f3e0a9e91d3373bb7dfc43da9c128955f84d0ef5286b537",
          "description": "burn(1) on PrivateWrappedEther"
        }
      ]
    },
    {
      "fullTitle": "Unified Privacy Bridges Suite PrivateERC20 Public-Amount Functions (PrivateWrappedEther) Test 36: PrivateWrappedEther: transfer(address,uint256) should transfer tokens and emit Transfer",
      "title": "Test 36: PrivateWrappedEther: transfer(address,uint256) should transfer tokens and emit Transfer",
      "duration": 19739,
      "status": "passed",
      "callLog": [
        {
          "method": "PrivateWrappedEther.transfer(address,uint256)",
          "args": [
            "0x226D3Eb51e24D98150e682d0337c214779cD52A2",
            "2"
          ],
          "txHash": "0xf5cfa78a40dd37c7dd21cc274fee6aa551ef302bfedc81b6e4a3d8d48fa992c3",
          "description": "transfer(user1, 2) on PrivateWrappedEther"
        }
      ]
    },
    {
      "fullTitle": "Unified Privacy Bridges Suite PrivateERC20 Public-Amount Functions (PrivateWrappedEther) Test 37: PrivateWrappedEther: approve(address,uint256) should set allowance and emit Approval",
      "title": "Test 37: PrivateWrappedEther: approve(address,uint256) should set allowance and emit Approval",
      "duration": 19983,
      "status": "passed",
      "callLog": [
        {
          "method": "PrivateWrappedEther.approve(address,uint256)",
          "args": [
            "0x226D3Eb51e24D98150e682d0337c214779cD52A2",
            "2"
          ],
          "txHash": "0xff2f28b715f24db56f8054e66910ec1de6b68dc1b5052cdc7216b4b9c511c701",
          "description": "approve(user1, 2) on PrivateWrappedEther"
        }
      ]
    },
    {
      "fullTitle": "Unified Privacy Bridges Suite PrivateERC20 Public-Amount Functions (PrivateWrappedEther) Test 38: PrivateWrappedEther: transferFrom(address,address,uint256) should spend allowance and emit Transfer",
      "title": "Test 38: PrivateWrappedEther: transferFrom(address,address,uint256) should spend allowance and emit Transfer",
      "duration": 14496,
      "status": "passed",
      "callLog": [
        {
          "method": "PrivateWrappedEther.transferFrom(address,address,uint256)",
          "args": [
            "0xAb81c57CCc578a5636BFF47B896BEC6Af1c30012",
            "0x226D3Eb51e24D98150e682d0337c214779cD52A2",
            "2"
          ],
          "txHash": "0xc96d2ba53da9dfc5ad2dd925768dbe38c4649a50c30b9430f38cc5f4d47ccf97",
          "description": "transferFrom(owner→user1, 2) on PrivateWrappedEther"
        }
      ]
    },
    {
      "fullTitle": "Unified Privacy Bridges Suite PrivateERC20 Public-Amount Functions (PrivateWrappedEther) Test 39: PrivateWrappedEther (extend): setAccountEncryptionAddress & accountEncryptionAddress",
      "title": "Test 39: PrivateWrappedEther (extend): setAccountEncryptionAddress & accountEncryptionAddress",
      "duration": 14912,
      "status": "passed",
      "callLog": [
        {
          "method": "PrivateWrappedEther.setAccountEncryptionAddress",
          "args": [
            "<mock_address>"
          ],
          "txHash": "0x9d316b7dafad5aafcda3e5e1db14ac44482ed3f103f698b443d2573a2e08b4a6",
          "description": "setAccountEncryptionAddress on PrivateWrappedEther"
        }
      ]
    },
    {
      "fullTitle": "Unified Privacy Bridges Suite PrivateERC20 Public-Amount Functions (PrivateWrappedEther) Test 41: PrivateWrappedEther (extend): transfer(itUint256,address) with encrypted payload",
      "title": "Test 41: PrivateWrappedEther (extend): transfer(itUint256,address) with encrypted payload",
      "duration": 14124,
      "status": "passed",
      "callLog": [
        {
          "method": "PrivateWrappedEther.transfer(to, itAmount)",
          "args": [
            "0x226D3Eb51e24D98150e682d0337c214779cD52A2",
            "<encrypted>"
          ],
          "txHash": "0xc59414dd1a5806a25684a022cdf972e0447d3aec09db1d47863c5c528406c11c",
          "description": "transfer(itUint256) on PrivateWrappedEther"
        }
      ]
    },
    {
      "fullTitle": "Unified Privacy Bridges Suite PrivateERC20 Public-Amount Functions (PrivateWrappedEther) Test 42: PrivateWrappedEther (extend): approve(address,itUint256) and allowance checks",
      "title": "Test 42: PrivateWrappedEther (extend): approve(address,itUint256) and allowance checks",
      "duration": 30264,
      "status": "passed",
      "callLog": [
        {
          "method": "PrivateWrappedEther.approve(spender, itAmount)",
          "args": [
            "0x226D3Eb51e24D98150e682d0337c214779cD52A2",
            "<encrypted>"
          ],
          "txHash": "0x141f17571228d129e651c2a8f4015f8fb425664059dceffceaa6694fa395c93d",
          "description": "approve(itUint256) on PrivateWrappedEther"
        },
        {
          "method": "PrivateWrappedEther.reencryptAllowance",
          "args": [
            "0x226D3Eb51e24D98150e682d0337c214779cD52A2",
            "true"
          ],
          "txHash": "0x3b81e7764a153e61a84d81f4ad341e7debb52a0c5313a5b6d82e6855a0d8f974",
          "description": "reencryptAllowance on PrivateWrappedEther"
        }
      ]
    },
    {
      "fullTitle": "Unified Privacy Bridges Suite PrivateERC20 Public-Amount Functions (PrivateWrappedEther) Test 43: PrivateWrappedEther (extend): transferFrom(address,address,itUint256)",
      "title": "Test 43: PrivateWrappedEther (extend): transferFrom(address,address,itUint256)",
      "duration": 29772,
      "status": "passed",
      "callLog": [
        {
          "method": "PrivateWrappedEther.approve(address,uint256)",
          "args": [
            "0xAb81c57CCc578a5636BFF47B896BEC6Af1c30012",
            "1"
          ],
          "txHash": "0x65b80f05d75afca4a54cfac9e6aabb15cd9b26e79e93b4aff288bb1c78747afb",
          "description": "Approve owner as spender for PrivateWrappedEther encrypted transferFrom"
        },
        {
          "method": "PrivateWrappedEther.transferFrom(from, to, itAmount)",
          "args": [
            "0xAb81c57CCc578a5636BFF47B896BEC6Af1c30012",
            "0x226D3Eb51e24D98150e682d0337c214779cD52A2",
            "<encrypted>"
          ],
          "txHash": "0x1a6f12194dc7d62f84fc7936f3f3c4904b981f8caa9d9cf2d43fbef6ff292f3a",
          "description": "transferFrom(itUint256) on PrivateWrappedEther"
        },
        {
          "method": "PrivateCOTI.grantRole",
          "args": [
            "MINTER_ROLE",
            "0x0737AAB5c0271E284740F86C65B6E655b6A97Cd9"
          ],
          "txHash": "0x2bb9238d6613ebcfd8a4ed4129047b5602574fd245da15fd222f74c20b15cd24",
          "description": "Grant MINTER_ROLE to bridge (coverage suite)"
        }
      ]
    },
    {
      "fullTitle": "Unified Privacy Bridges Suite Coverage Improvements - PrivacyBridgeCotiNative Test 45: coverage: getBridgeBalance explicit check",
      "title": "Test 45: coverage: getBridgeBalance explicit check",
      "duration": 1589,
      "status": "passed",
      "callLog": []
    },
    {
      "fullTitle": "Unified Privacy Bridges Suite Coverage Improvements - PrivacyBridgeCotiNative Test 46: coverage: receive() fallback with direct transfer",
      "title": "Test 46: coverage: receive() fallback with direct transfer",
      "duration": 19283,
      "status": "passed",
      "callLog": [
        {
          "method": "receive()",
          "args": [
            "0.01"
          ],
          "txHash": "0xf018500ae7e7d83f93ff33b2e829a60ebf6fbbb1c01a10bc8464793115a3eac6",
          "description": "Direct COTI transfer to bridge (receive fallback)"
        }
      ]
    },
    {
      "fullTitle": "Unified Privacy Bridges Suite Coverage Improvements - PrivacyBridgeCotiNative Test 47: coverage: onTokenReceived direct call should revert InvalidAddress",
      "title": "Test 47: coverage: onTokenReceived direct call should revert InvalidAddress",
      "duration": 916,
      "status": "passed",
      "callLog": [
        {
          "method": "PrivateCOTI.grantRole",
          "args": [
            "MINTER_ROLE",
            "0xAb81c57CCc578a5636BFF47B896BEC6Af1c30012"
          ],
          "txHash": "0x57f2ec095b124b86f279417effc621ee2675cba202557b17af469922165785b5",
          "description": "Grant MINTER_ROLE to owner for coverage tests"
        }
      ]
    },
    {
      "fullTitle": "Unified Privacy Bridges Suite Coverage Improvements - PrivateERC20 Test 48: coverage: name() returns token name",
      "title": "Test 48: coverage: name() returns token name",
      "duration": 919,
      "status": "passed",
      "callLog": []
    },
    {
      "fullTitle": "Unified Privacy Bridges Suite Coverage Improvements - PrivateERC20 Test 49: coverage: symbol() returns token symbol",
      "title": "Test 49: coverage: symbol() returns token symbol",
      "duration": 832,
      "status": "passed",
      "callLog": []
    },
    {
      "fullTitle": "Unified Privacy Bridges Suite Coverage Improvements - PrivateERC20 Test 50: coverage: decimals() returns 18",
      "title": "Test 50: coverage: decimals() returns 18",
      "duration": 751,
      "status": "passed",
      "callLog": []
    },
    {
      "fullTitle": "Unified Privacy Bridges Suite Coverage Improvements - PrivateERC20 Test 51: coverage: totalSupply() returns 0 (not implemented)",
      "title": "Test 51: coverage: totalSupply() returns 0 (not implemented)",
      "duration": 662,
      "status": "passed",
      "callLog": []
    },
    {
      "fullTitle": "Unified Privacy Bridges Suite Coverage Improvements - PrivateERC20 Test 52: coverage: balanceOf(address) returns ciphertext after mint",
      "title": "Test 52: coverage: balanceOf(address) returns ciphertext after mint",
      "duration": 18172,
      "status": "passed",
      "callLog": [
        {
          "method": "PrivateCOTI.mint(address,uint256)",
          "args": [
            "0xAb81c57CCc578a5636BFF47B896BEC6Af1c30012",
            "5"
          ],
          "txHash": "0x7a0aae0f7024628fa475b5ee9e9d6b625b2deafc660a52194ff215b5915f4700",
          "description": "Mint for balance query test"
        }
      ]
    },
    {
      "fullTitle": "Unified Privacy Bridges Suite Coverage Improvements - PrivateERC20 Test 53: coverage: balanceOf() returns garbled balance",
      "title": "Test 53: coverage: balanceOf() returns garbled balance",
      "duration": 1923,
      "status": "passed",
      "callLog": []
    },
    {
      "fullTitle": "Unified Privacy Bridges Suite Coverage Improvements - PrivateERC20 Test 54: coverage: allowance(address,address) returns Allowance struct",
      "title": "Test 54: coverage: allowance(address,address) returns Allowance struct",
      "duration": 17886,
      "status": "passed",
      "callLog": [
        {
          "method": "PrivateCOTI.approve(address,uint256)",
          "args": [
            "0x226D3Eb51e24D98150e682d0337c214779cD52A2",
            "1"
          ],
          "txHash": "0xf99a1bb9f3bc0eec0e35d499fd0d56338dee8d76abd9b1c9c52d8487c25e2493",
          "description": "Approve for allowance query test"
        }
      ]
    },
    {
      "fullTitle": "Unified Privacy Bridges Suite Coverage Improvements - PrivateERC20 Test 55: coverage: allowance(address,bool) returns garbled allowance",
      "title": "Test 55: coverage: allowance(address,bool) returns garbled allowance",
      "duration": 1936,
      "status": "passed",
      "callLog": []
    },
    {
      "fullTitle": "Unified Privacy Bridges Suite Coverage Improvements - PrivateERC20 Test 56: coverage: mint(address,itUint256) encrypted mint",
      "title": "Test 56: coverage: mint(address,itUint256) encrypted mint",
      "duration": 17029,
      "status": "passed",
      "callLog": [
        {
          "method": "PrivateCOTI.mint(address,itUint256)",
          "args": [
            "0x226D3Eb51e24D98150e682d0337c214779cD52A2",
            "3"
          ],
          "txHash": "0x74ea5a70aff8b00f0fd01b1cf8a9ed1cbcafa7316ec47ece76ad0ae1d31e6f9e",
          "description": "Encrypted mint"
        }
      ]
    },
    {
      "fullTitle": "Unified Privacy Bridges Suite Coverage Improvements - PrivateERC20 Test 57: coverage: burn(itUint256) encrypted burn",
      "title": "Test 57: coverage: burn(itUint256) encrypted burn",
      "duration": 15430,
      "status": "passed",
      "callLog": [
        {
          "method": "PrivateCOTI.burn(itUint256)",
          "args": [
            "1"
          ],
          "txHash": "0xc0ab3c9369ef37f766abcf150a680ee5cf78ec0c4f75c7e8e7a7d9e58a8cade8",
          "description": "Encrypted burn"
        }
      ]
    },
    {
      "fullTitle": "Unified Privacy Bridges Suite Coverage Improvements - PrivateERC20 Test 58: coverage: supportsInterface(bytes4) checks ERC165",
      "title": "Test 58: coverage: supportsInterface(bytes4) checks ERC165",
      "duration": 930,
      "status": "passed",
      "callLog": []
    },
    {
      "fullTitle": "Unified Privacy Bridges Suite Coverage Improvements - PrivateWrappedEther Test 60: coverage: PrivateWrappedEther mint(address,itUint256) encrypted mint",
      "title": "Test 60: coverage: PrivateWrappedEther mint(address,itUint256) encrypted mint",
      "duration": 14999,
      "status": "passed",
      "callLog": [
        {
          "method": "PrivateWrappedEther.mint(address,itUint256)",
          "args": [
            "0x226D3Eb51e24D98150e682d0337c214779cD52A2",
            "3"
          ],
          "txHash": "0xb47087a6db2cd20327da01c51a502d390854c51f47af3fabd9d4692427c03141",
          "description": "Encrypted mint"
        }
      ]
    },
    {
      "fullTitle": "Unified Privacy Bridges Suite Coverage Improvements - PrivateWrappedEther Test 61: coverage: PrivateWrappedEther burn(itUint256) encrypted burn",
      "title": "Test 61: coverage: PrivateWrappedEther burn(itUint256) encrypted burn",
      "duration": 34638,
      "status": "passed",
      "callLog": [
        {
          "method": "PrivateWrappedEther.mint(address,uint256)",
          "args": [
            "0xAb81c57CCc578a5636BFF47B896BEC6Af1c30012",
            "2"
          ],
          "txHash": "0x97fb0bf32553e9daea82c588913a8dc2042bc70f36362895fc38d1efd88c4743",
          "description": "Mint public tokens to owner before encrypted burn"
        },
        {
          "method": "PrivateWrappedEther.burn(itUint256)",
          "args": [
            "1"
          ],
          "txHash": "0xaeb80b4acab242bd6a071afdc5d690b54b6c04dcff585c5df1ea69eb82043383",
          "description": "Encrypted burn"
        }
      ]
    }
  ],
  "failures": [
    {
      "fullTitle": "Unified Privacy Bridges Suite Native Bridge (PrivacyBridgeCotiNative) \"before all\" hook for \"Test 1: native: Should set correct initial state\"",
      "title": "\"before all\" hook for \"Test 1: native: Should set correct initial state\"",
      "duration": 22,
      "status": "failed",
      "callLog": [],
      "err": {
        "message": "HH700: Artifact for contract \"MockPrivateERC20\" not found. ",
        "stack": "HardhatError: HH700: Artifact for contract \"MockPrivateERC20\" not found. \n    at Artifacts._handleWrongArtifactForContractName (/Users/percival.lucena/coti/portal-bridge-contracts/node_modules/hardhat/src/internal/artifacts.ts:721:11)\n    at Artifacts._getArtifactPathFromFiles (/Users/percival.lucena/coti/portal-bridge-contracts/node_modules/hardhat/src/internal/artifacts.ts:852:19)\n    at Artifacts._getArtifactPath (/Users/percival.lucena/coti/portal-bridge-contracts/node_modules/hardhat/src/internal/artifacts.ts:516:21)\n    at Artifacts.readArtifact (/Users/percival.lucena/coti/portal-bridge-contracts/node_modules/hardhat/src/internal/artifacts.ts:71:26)\n    at getContractFactory (/Users/percival.lucena/coti/portal-bridge-contracts/node_modules/@nomicfoundation/hardhat-ethers/src/internal/helpers.ts:120:22)\n    at Context.<anonymous> (/Users/percival.lucena/coti/portal-bridge-contracts/test/UnifiedPrivacyBridges.test.cjs:211:40)"
      }
    },
    {
      "fullTitle": "Unified Privacy Bridges Suite ERC20 Bridge (WETH) \"before all\" hook for \"Test 6: WETH: Should set correct initial state\"",
      "title": "\"before all\" hook for \"Test 6: WETH: Should set correct initial state\"",
      "duration": 235,
      "status": "failed",
      "callLog": [],
      "err": {
        "message": "HH700: Artifact for contract \"WETH9\" not found. ",
        "stack": "HardhatError: HH700: Artifact for contract \"WETH9\" not found. \n    at Artifacts._handleWrongArtifactForContractName (/Users/percival.lucena/coti/portal-bridge-contracts/node_modules/hardhat/src/internal/artifacts.ts:721:11)\n    at Artifacts._getArtifactPathFromFiles (/Users/percival.lucena/coti/portal-bridge-contracts/node_modules/hardhat/src/internal/artifacts.ts:852:19)\n    at Artifacts._getArtifactPath (/Users/percival.lucena/coti/portal-bridge-contracts/node_modules/hardhat/src/internal/artifacts.ts:516:21)\n    at processTicksAndRejections (node:internal/process/task_queues:104:5)\n    at Artifacts.readArtifact (/Users/percival.lucena/coti/portal-bridge-contracts/node_modules/hardhat/src/internal/artifacts.ts:71:26)\n    at getContractAt (/Users/percival.lucena/coti/portal-bridge-contracts/node_modules/@nomicfoundation/hardhat-ethers/src/internal/helpers.ts:332:22)\n    at Context.<anonymous> (/Users/percival.lucena/coti/portal-bridge-contracts/test/UnifiedPrivacyBridges.test.cjs:308:35)"
      }
    },
    {
      "fullTitle": "Unified Privacy Bridges Suite PrivateERC20 Public-Amount Functions (PrivateCOTI) Test 29: PrivateCOTI (extend): transferAndCall (ERC677) triggers onTokenReceived",
      "title": "Test 29: PrivateCOTI (extend): transferAndCall (ERC677) triggers onTokenReceived",
      "duration": 8,
      "status": "failed",
      "callLog": [],
      "err": {
        "message": "HH700: Artifact for contract \"MockTokenReceiver\" not found. ",
        "stack": "HardhatError: HH700: Artifact for contract \"MockTokenReceiver\" not found. \n    at Artifacts._handleWrongArtifactForContractName (/Users/percival.lucena/coti/portal-bridge-contracts/node_modules/hardhat/src/internal/artifacts.ts:721:11)\n    at Artifacts._getArtifactPathFromFiles (/Users/percival.lucena/coti/portal-bridge-contracts/node_modules/hardhat/src/internal/artifacts.ts:852:19)\n    at Artifacts._getArtifactPath (/Users/percival.lucena/coti/portal-bridge-contracts/node_modules/hardhat/src/internal/artifacts.ts:516:21)\n    at Artifacts.readArtifact (/Users/percival.lucena/coti/portal-bridge-contracts/node_modules/hardhat/src/internal/artifacts.ts:71:26)\n    at getContractFactory (/Users/percival.lucena/coti/portal-bridge-contracts/node_modules/@nomicfoundation/hardhat-ethers/src/internal/helpers.ts:120:22)\n    at Context.<anonymous> (/Users/percival.lucena/coti/portal-bridge-contracts/test/UnifiedPrivacyBridges.test.cjs:517:41)"
      }
    },
    {
      "fullTitle": "Unified Privacy Bridges Suite PrivateERC20 Public-Amount Functions (PrivateWrappedEther) Test 40: PrivateWrappedEther (extend): transferAndCall (ERC677) triggers onTokenReceived",
      "title": "Test 40: PrivateWrappedEther (extend): transferAndCall (ERC677) triggers onTokenReceived",
      "duration": 6,
      "status": "failed",
      "callLog": [],
      "err": {
        "message": "HH700: Artifact for contract \"MockTokenReceiver\" not found. ",
        "stack": "HardhatError: HH700: Artifact for contract \"MockTokenReceiver\" not found. \n    at Artifacts._handleWrongArtifactForContractName (/Users/percival.lucena/coti/portal-bridge-contracts/node_modules/hardhat/src/internal/artifacts.ts:721:11)\n    at Artifacts._getArtifactPathFromFiles (/Users/percival.lucena/coti/portal-bridge-contracts/node_modules/hardhat/src/internal/artifacts.ts:852:19)\n    at Artifacts._getArtifactPath (/Users/percival.lucena/coti/portal-bridge-contracts/node_modules/hardhat/src/internal/artifacts.ts:516:21)\n    at Artifacts.readArtifact (/Users/percival.lucena/coti/portal-bridge-contracts/node_modules/hardhat/src/internal/artifacts.ts:71:26)\n    at getContractFactory (/Users/percival.lucena/coti/portal-bridge-contracts/node_modules/@nomicfoundation/hardhat-ethers/src/internal/helpers.ts:120:22)\n    at Context.<anonymous> (/Users/percival.lucena/coti/portal-bridge-contracts/test/UnifiedPrivacyBridges.test.cjs:517:41)"
      }
    },
    {
      "fullTitle": "Unified Privacy Bridges Suite Coverage Improvements - PrivateERC20 Test 59: coverage: transferAndCall(address,itUint256,bytes) encrypted ERC677",
      "title": "Test 59: coverage: transferAndCall(address,itUint256,bytes) encrypted ERC677",
      "duration": 7,
      "status": "failed",
      "callLog": [
        {
          "method": "PrivateWrappedEther.grantRole",
          "args": [
            "MINTER_ROLE",
            "0xAb81c57CCc578a5636BFF47B896BEC6Af1c30012"
          ],
          "txHash": "0x4570282fd7ce18123c0897c511b4ebe78cb8c7f8f63390980b49eb36b93ee765",
          "description": "Grant MINTER_ROLE to owner for PrivateWrappedEther coverage tests"
        }
      ],
      "err": {
        "message": "HH700: Artifact for contract \"MockTokenReceiver\" not found. ",
        "stack": "HardhatError: HH700: Artifact for contract \"MockTokenReceiver\" not found. \n    at Artifacts._handleWrongArtifactForContractName (/Users/percival.lucena/coti/portal-bridge-contracts/node_modules/hardhat/src/internal/artifacts.ts:721:11)\n    at Artifacts._getArtifactPathFromFiles (/Users/percival.lucena/coti/portal-bridge-contracts/node_modules/hardhat/src/internal/artifacts.ts:852:19)\n    at Artifacts._getArtifactPath (/Users/percival.lucena/coti/portal-bridge-contracts/node_modules/hardhat/src/internal/artifacts.ts:516:21)\n    at Artifacts.readArtifact (/Users/percival.lucena/coti/portal-bridge-contracts/node_modules/hardhat/src/internal/artifacts.ts:71:26)\n    at getContractFactory (/Users/percival.lucena/coti/portal-bridge-contracts/node_modules/@nomicfoundation/hardhat-ethers/src/internal/helpers.ts:120:22)\n    at Context.<anonymous> (/Users/percival.lucena/coti/portal-bridge-contracts/test/UnifiedPrivacyBridges.test.cjs:887:37)"
      }
    },
    {
      "fullTitle": "Unified Privacy Bridges Suite Coverage Improvements - PrivateWrappedEther Test 62: coverage: PrivateWrappedEther transferAndCall(address,itUint256,bytes) encrypted ERC677",
      "title": "Test 62: coverage: PrivateWrappedEther transferAndCall(address,itUint256,bytes) encrypted ERC677",
      "duration": 11,
      "status": "failed",
      "callLog": [],
      "err": {
        "message": "HH700: Artifact for contract \"MockTokenReceiver\" not found. ",
        "stack": "HardhatError: HH700: Artifact for contract \"MockTokenReceiver\" not found. \n    at Artifacts._handleWrongArtifactForContractName (/Users/percival.lucena/coti/portal-bridge-contracts/node_modules/hardhat/src/internal/artifacts.ts:721:11)\n    at Artifacts._getArtifactPathFromFiles (/Users/percival.lucena/coti/portal-bridge-contracts/node_modules/hardhat/src/internal/artifacts.ts:852:19)\n    at Artifacts._getArtifactPath (/Users/percival.lucena/coti/portal-bridge-contracts/node_modules/hardhat/src/internal/artifacts.ts:516:21)\n    at Artifacts.readArtifact (/Users/percival.lucena/coti/portal-bridge-contracts/node_modules/hardhat/src/internal/artifacts.ts:71:26)\n    at getContractFactory (/Users/percival.lucena/coti/portal-bridge-contracts/node_modules/@nomicfoundation/hardhat-ethers/src/internal/helpers.ts:120:22)\n    at Context.<anonymous> (/Users/percival.lucena/coti/portal-bridge-contracts/test/UnifiedPrivacyBridges.test.cjs:1021:37)"
      }
    }
  ],
  "pending": [],
  "tests": [
    {
      "fullTitle": "Unified Privacy Bridges Suite Native Bridge (PrivacyBridgeCotiNative) \"before all\" hook for \"Test 1: native: Should set correct initial state\"",
      "title": "\"before all\" hook for \"Test 1: native: Should set correct initial state\"",
      "duration": 22,
      "status": "failed",
      "callLog": [],
      "err": {
        "message": "HH700: Artifact for contract \"MockPrivateERC20\" not found. ",
        "stack": "HardhatError: HH700: Artifact for contract \"MockPrivateERC20\" not found. \n    at Artifacts._handleWrongArtifactForContractName (/Users/percival.lucena/coti/portal-bridge-contracts/node_modules/hardhat/src/internal/artifacts.ts:721:11)\n    at Artifacts._getArtifactPathFromFiles (/Users/percival.lucena/coti/portal-bridge-contracts/node_modules/hardhat/src/internal/artifacts.ts:852:19)\n    at Artifacts._getArtifactPath (/Users/percival.lucena/coti/portal-bridge-contracts/node_modules/hardhat/src/internal/artifacts.ts:516:21)\n    at Artifacts.readArtifact (/Users/percival.lucena/coti/portal-bridge-contracts/node_modules/hardhat/src/internal/artifacts.ts:71:26)\n    at getContractFactory (/Users/percival.lucena/coti/portal-bridge-contracts/node_modules/@nomicfoundation/hardhat-ethers/src/internal/helpers.ts:120:22)\n    at Context.<anonymous> (/Users/percival.lucena/coti/portal-bridge-contracts/test/UnifiedPrivacyBridges.test.cjs:211:40)"
      }
    },
    {
      "fullTitle": "Unified Privacy Bridges Suite ERC20 Bridge (WETH) \"before all\" hook for \"Test 6: WETH: Should set correct initial state\"",
      "title": "\"before all\" hook for \"Test 6: WETH: Should set correct initial state\"",
      "duration": 235,
      "status": "failed",
      "callLog": [],
      "err": {
        "message": "HH700: Artifact for contract \"WETH9\" not found. ",
        "stack": "HardhatError: HH700: Artifact for contract \"WETH9\" not found. \n    at Artifacts._handleWrongArtifactForContractName (/Users/percival.lucena/coti/portal-bridge-contracts/node_modules/hardhat/src/internal/artifacts.ts:721:11)\n    at Artifacts._getArtifactPathFromFiles (/Users/percival.lucena/coti/portal-bridge-contracts/node_modules/hardhat/src/internal/artifacts.ts:852:19)\n    at Artifacts._getArtifactPath (/Users/percival.lucena/coti/portal-bridge-contracts/node_modules/hardhat/src/internal/artifacts.ts:516:21)\n    at processTicksAndRejections (node:internal/process/task_queues:104:5)\n    at Artifacts.readArtifact (/Users/percival.lucena/coti/portal-bridge-contracts/node_modules/hardhat/src/internal/artifacts.ts:71:26)\n    at getContractAt (/Users/percival.lucena/coti/portal-bridge-contracts/node_modules/@nomicfoundation/hardhat-ethers/src/internal/helpers.ts:332:22)\n    at Context.<anonymous> (/Users/percival.lucena/coti/portal-bridge-contracts/test/UnifiedPrivacyBridges.test.cjs:308:35)"
      }
    },
    {
      "fullTitle": "Unified Privacy Bridges Suite PrivateERC20 Public-Amount Functions (PrivateCOTI) Test 22: PrivateCOTI: mint(address,uint256) should mint tokens and emit Transfer",
      "title": "Test 22: PrivateCOTI: mint(address,uint256) should mint tokens and emit Transfer",
      "duration": 15758,
      "status": "passed",
      "callLog": [
        {
          "method": "PrivateCOTI.mint(address,uint256)",
          "args": [
            "0xAb81c57CCc578a5636BFF47B896BEC6Af1c30012",
            "10"
          ],
          "txHash": "0x6753ef595d7c1211a8eaa70fbee8da08d5e9ce7e9ce3df1815798a7642f192c6",
          "description": "mint(owner, 10) on PrivateCOTI"
        }
      ]
    },
    {
      "fullTitle": "Unified Privacy Bridges Suite PrivateERC20 Public-Amount Functions (PrivateCOTI) Test 23: PrivateCOTI: mint(address,uint256) should revert for non-MINTER_ROLE",
      "title": "Test 23: PrivateCOTI: mint(address,uint256) should revert for non-MINTER_ROLE",
      "duration": 10670,
      "status": "passed",
      "callLog": []
    },
    {
      "fullTitle": "Unified Privacy Bridges Suite PrivateERC20 Public-Amount Functions (PrivateCOTI) Test 24: PrivateCOTI: burn(uint256) should burn tokens and emit Transfer",
      "title": "Test 24: PrivateCOTI: burn(uint256) should burn tokens and emit Transfer",
      "duration": 20463,
      "status": "passed",
      "callLog": [
        {
          "method": "PrivateCOTI.burn(uint256)",
          "args": [
            "1"
          ],
          "txHash": "0x6905cf014a723747f44457de0ac20c9166d77045e2934eee1ad87ab4080ece5b",
          "description": "burn(1) on PrivateCOTI"
        }
      ]
    },
    {
      "fullTitle": "Unified Privacy Bridges Suite PrivateERC20 Public-Amount Functions (PrivateCOTI) Test 25: PrivateCOTI: transfer(address,uint256) should transfer tokens and emit Transfer",
      "title": "Test 25: PrivateCOTI: transfer(address,uint256) should transfer tokens and emit Transfer",
      "duration": 19663,
      "status": "passed",
      "callLog": [
        {
          "method": "PrivateCOTI.transfer(address,uint256)",
          "args": [
            "0x226D3Eb51e24D98150e682d0337c214779cD52A2",
            "2"
          ],
          "txHash": "0xe45f0239f76305743e13fa8dd29adfb7c260ac730be73686b5daef056631f4d5",
          "description": "transfer(user1, 2) on PrivateCOTI"
        }
      ]
    },
    {
      "fullTitle": "Unified Privacy Bridges Suite PrivateERC20 Public-Amount Functions (PrivateCOTI) Test 26: PrivateCOTI: approve(address,uint256) should set allowance and emit Approval",
      "title": "Test 26: PrivateCOTI: approve(address,uint256) should set allowance and emit Approval",
      "duration": 19715,
      "status": "passed",
      "callLog": [
        {
          "method": "PrivateCOTI.approve(address,uint256)",
          "args": [
            "0x226D3Eb51e24D98150e682d0337c214779cD52A2",
            "2"
          ],
          "txHash": "0x1ee3678777100bbe6df59fa2b3d38bb94eb2ac95c68a91ee7d050264a6671079",
          "description": "approve(user1, 2) on PrivateCOTI"
        }
      ]
    },
    {
      "fullTitle": "Unified Privacy Bridges Suite PrivateERC20 Public-Amount Functions (PrivateCOTI) Test 27: PrivateCOTI: transferFrom(address,address,uint256) should spend allowance and emit Transfer",
      "title": "Test 27: PrivateCOTI: transferFrom(address,address,uint256) should spend allowance and emit Transfer",
      "duration": 14672,
      "status": "passed",
      "callLog": [
        {
          "method": "PrivateCOTI.transferFrom(address,address,uint256)",
          "args": [
            "0xAb81c57CCc578a5636BFF47B896BEC6Af1c30012",
            "0x226D3Eb51e24D98150e682d0337c214779cD52A2",
            "2"
          ],
          "txHash": "0x4dadc4fd5416ff4208b00cbc25e0aed5a87122061c84563344cb844fd5d19cb8",
          "description": "transferFrom(owner→user1, 2) on PrivateCOTI"
        }
      ]
    },
    {
      "fullTitle": "Unified Privacy Bridges Suite PrivateERC20 Public-Amount Functions (PrivateCOTI) Test 28: PrivateCOTI (extend): setAccountEncryptionAddress & accountEncryptionAddress",
      "title": "Test 28: PrivateCOTI (extend): setAccountEncryptionAddress & accountEncryptionAddress",
      "duration": 14454,
      "status": "passed",
      "callLog": [
        {
          "method": "PrivateCOTI.setAccountEncryptionAddress",
          "args": [
            "<mock_address>"
          ],
          "txHash": "0x78e45736d6c849f8d880b641b3289d6649f29d157381e19e0b15071f2863a9f1",
          "description": "setAccountEncryptionAddress on PrivateCOTI"
        }
      ]
    },
    {
      "fullTitle": "Unified Privacy Bridges Suite PrivateERC20 Public-Amount Functions (PrivateCOTI) Test 29: PrivateCOTI (extend): transferAndCall (ERC677) triggers onTokenReceived",
      "title": "Test 29: PrivateCOTI (extend): transferAndCall (ERC677) triggers onTokenReceived",
      "duration": 8,
      "status": "failed",
      "callLog": [],
      "err": {
        "message": "HH700: Artifact for contract \"MockTokenReceiver\" not found. ",
        "stack": "HardhatError: HH700: Artifact for contract \"MockTokenReceiver\" not found. \n    at Artifacts._handleWrongArtifactForContractName (/Users/percival.lucena/coti/portal-bridge-contracts/node_modules/hardhat/src/internal/artifacts.ts:721:11)\n    at Artifacts._getArtifactPathFromFiles (/Users/percival.lucena/coti/portal-bridge-contracts/node_modules/hardhat/src/internal/artifacts.ts:852:19)\n    at Artifacts._getArtifactPath (/Users/percival.lucena/coti/portal-bridge-contracts/node_modules/hardhat/src/internal/artifacts.ts:516:21)\n    at Artifacts.readArtifact (/Users/percival.lucena/coti/portal-bridge-contracts/node_modules/hardhat/src/internal/artifacts.ts:71:26)\n    at getContractFactory (/Users/percival.lucena/coti/portal-bridge-contracts/node_modules/@nomicfoundation/hardhat-ethers/src/internal/helpers.ts:120:22)\n    at Context.<anonymous> (/Users/percival.lucena/coti/portal-bridge-contracts/test/UnifiedPrivacyBridges.test.cjs:517:41)"
      }
    },
    {
      "fullTitle": "Unified Privacy Bridges Suite PrivateERC20 Public-Amount Functions (PrivateCOTI) Test 30: PrivateCOTI (extend): transfer(itUint256,address) with encrypted payload",
      "title": "Test 30: PrivateCOTI (extend): transfer(itUint256,address) with encrypted payload",
      "duration": 14446,
      "status": "passed",
      "callLog": [
        {
          "method": "PrivateCOTI.transfer(to, itAmount)",
          "args": [
            "0x226D3Eb51e24D98150e682d0337c214779cD52A2",
            "<encrypted>"
          ],
          "txHash": "0xf7e8660141787d15bfff53e8f53f54728e1d115d9627cfbb658830b851b9ca92",
          "description": "transfer(itUint256) on PrivateCOTI"
        }
      ]
    },
    {
      "fullTitle": "Unified Privacy Bridges Suite PrivateERC20 Public-Amount Functions (PrivateCOTI) Test 31: PrivateCOTI (extend): approve(address,itUint256) and allowance checks",
      "title": "Test 31: PrivateCOTI (extend): approve(address,itUint256) and allowance checks",
      "duration": 29930,
      "status": "passed",
      "callLog": [
        {
          "method": "PrivateCOTI.approve(spender, itAmount)",
          "args": [
            "0x226D3Eb51e24D98150e682d0337c214779cD52A2",
            "<encrypted>"
          ],
          "txHash": "0xd935ba3a3941bd7ba694fd573019dd3d4910f4f5c21b68cec4231bbbbf395c5f",
          "description": "approve(itUint256) on PrivateCOTI"
        },
        {
          "method": "PrivateCOTI.reencryptAllowance",
          "args": [
            "0x226D3Eb51e24D98150e682d0337c214779cD52A2",
            "true"
          ],
          "txHash": "0x4b7abff70f1755f3dfdeb0bd04857584a4ad5c2f34c95b417f69fe4b9634bc6c",
          "description": "reencryptAllowance on PrivateCOTI"
        }
      ]
    },
    {
      "fullTitle": "Unified Privacy Bridges Suite PrivateERC20 Public-Amount Functions (PrivateCOTI) Test 32: PrivateCOTI (extend): transferFrom(address,address,itUint256)",
      "title": "Test 32: PrivateCOTI (extend): transferFrom(address,address,itUint256)",
      "duration": 30422,
      "status": "passed",
      "callLog": [
        {
          "method": "PrivateCOTI.approve(address,uint256)",
          "args": [
            "0xAb81c57CCc578a5636BFF47B896BEC6Af1c30012",
            "1"
          ],
          "txHash": "0xf151d3455cbc2f6255a29c2810f8664f16b57b50765b30a9eeadb44750369f60",
          "description": "Approve owner as spender for PrivateCOTI encrypted transferFrom"
        },
        {
          "method": "PrivateCOTI.transferFrom(from, to, itAmount)",
          "args": [
            "0xAb81c57CCc578a5636BFF47B896BEC6Af1c30012",
            "0x226D3Eb51e24D98150e682d0337c214779cD52A2",
            "<encrypted>"
          ],
          "txHash": "0x541b65a320497fa94e3933b21efcbdb8174be9c0d76d488c3d803fe236fc1350",
          "description": "transferFrom(itUint256) on PrivateCOTI"
        },
        {
          "method": "PrivateWrappedEther.grantRole",
          "args": [
            "MINTER_ROLE",
            "0xAb81c57CCc578a5636BFF47B896BEC6Af1c30012"
          ],
          "txHash": "0xe75423eb5ef0225cae198309d29377a952aa2754a01d412da76595470b717b29",
          "description": "Grant MINTER_ROLE to owner for PrivateWrappedEther"
        }
      ]
    },
    {
      "fullTitle": "Unified Privacy Bridges Suite PrivateERC20 Public-Amount Functions (PrivateWrappedEther) Test 33: PrivateWrappedEther: mint(address,uint256) should mint tokens and emit Transfer",
      "title": "Test 33: PrivateWrappedEther: mint(address,uint256) should mint tokens and emit Transfer",
      "duration": 15511,
      "status": "passed",
      "callLog": [
        {
          "method": "PrivateWrappedEther.mint(address,uint256)",
          "args": [
            "0xAb81c57CCc578a5636BFF47B896BEC6Af1c30012",
            "10"
          ],
          "txHash": "0x4e3edd66ab51260972da223b70af9963dddcbc2973e112d56c981890e02a488b",
          "description": "mint(owner, 10) on PrivateWrappedEther"
        }
      ]
    },
    {
      "fullTitle": "Unified Privacy Bridges Suite PrivateERC20 Public-Amount Functions (PrivateWrappedEther) Test 34: PrivateWrappedEther: mint(address,uint256) should revert for non-MINTER_ROLE",
      "title": "Test 34: PrivateWrappedEther: mint(address,uint256) should revert for non-MINTER_ROLE",
      "duration": 10913,
      "status": "passed",
      "callLog": []
    },
    {
      "fullTitle": "Unified Privacy Bridges Suite PrivateERC20 Public-Amount Functions (PrivateWrappedEther) Test 35: PrivateWrappedEther: burn(uint256) should burn tokens and emit Transfer",
      "title": "Test 35: PrivateWrappedEther: burn(uint256) should burn tokens and emit Transfer",
      "duration": 19974,
      "status": "passed",
      "callLog": [
        {
          "method": "PrivateWrappedEther.burn(uint256)",
          "args": [
            "1"
          ],
          "txHash": "0x6418ef1ac238cc820f3e0a9e91d3373bb7dfc43da9c128955f84d0ef5286b537",
          "description": "burn(1) on PrivateWrappedEther"
        }
      ]
    },
    {
      "fullTitle": "Unified Privacy Bridges Suite PrivateERC20 Public-Amount Functions (PrivateWrappedEther) Test 36: PrivateWrappedEther: transfer(address,uint256) should transfer tokens and emit Transfer",
      "title": "Test 36: PrivateWrappedEther: transfer(address,uint256) should transfer tokens and emit Transfer",
      "duration": 19739,
      "status": "passed",
      "callLog": [
        {
          "method": "PrivateWrappedEther.transfer(address,uint256)",
          "args": [
            "0x226D3Eb51e24D98150e682d0337c214779cD52A2",
            "2"
          ],
          "txHash": "0xf5cfa78a40dd37c7dd21cc274fee6aa551ef302bfedc81b6e4a3d8d48fa992c3",
          "description": "transfer(user1, 2) on PrivateWrappedEther"
        }
      ]
    },
    {
      "fullTitle": "Unified Privacy Bridges Suite PrivateERC20 Public-Amount Functions (PrivateWrappedEther) Test 37: PrivateWrappedEther: approve(address,uint256) should set allowance and emit Approval",
      "title": "Test 37: PrivateWrappedEther: approve(address,uint256) should set allowance and emit Approval",
      "duration": 19983,
      "status": "passed",
      "callLog": [
        {
          "method": "PrivateWrappedEther.approve(address,uint256)",
          "args": [
            "0x226D3Eb51e24D98150e682d0337c214779cD52A2",
            "2"
          ],
          "txHash": "0xff2f28b715f24db56f8054e66910ec1de6b68dc1b5052cdc7216b4b9c511c701",
          "description": "approve(user1, 2) on PrivateWrappedEther"
        }
      ]
    },
    {
      "fullTitle": "Unified Privacy Bridges Suite PrivateERC20 Public-Amount Functions (PrivateWrappedEther) Test 38: PrivateWrappedEther: transferFrom(address,address,uint256) should spend allowance and emit Transfer",
      "title": "Test 38: PrivateWrappedEther: transferFrom(address,address,uint256) should spend allowance and emit Transfer",
      "duration": 14496,
      "status": "passed",
      "callLog": [
        {
          "method": "PrivateWrappedEther.transferFrom(address,address,uint256)",
          "args": [
            "0xAb81c57CCc578a5636BFF47B896BEC6Af1c30012",
            "0x226D3Eb51e24D98150e682d0337c214779cD52A2",
            "2"
          ],
          "txHash": "0xc96d2ba53da9dfc5ad2dd925768dbe38c4649a50c30b9430f38cc5f4d47ccf97",
          "description": "transferFrom(owner→user1, 2) on PrivateWrappedEther"
        }
      ]
    },
    {
      "fullTitle": "Unified Privacy Bridges Suite PrivateERC20 Public-Amount Functions (PrivateWrappedEther) Test 39: PrivateWrappedEther (extend): setAccountEncryptionAddress & accountEncryptionAddress",
      "title": "Test 39: PrivateWrappedEther (extend): setAccountEncryptionAddress & accountEncryptionAddress",
      "duration": 14912,
      "status": "passed",
      "callLog": [
        {
          "method": "PrivateWrappedEther.setAccountEncryptionAddress",
          "args": [
            "<mock_address>"
          ],
          "txHash": "0x9d316b7dafad5aafcda3e5e1db14ac44482ed3f103f698b443d2573a2e08b4a6",
          "description": "setAccountEncryptionAddress on PrivateWrappedEther"
        }
      ]
    },
    {
      "fullTitle": "Unified Privacy Bridges Suite PrivateERC20 Public-Amount Functions (PrivateWrappedEther) Test 40: PrivateWrappedEther (extend): transferAndCall (ERC677) triggers onTokenReceived",
      "title": "Test 40: PrivateWrappedEther (extend): transferAndCall (ERC677) triggers onTokenReceived",
      "duration": 6,
      "status": "failed",
      "callLog": [],
      "err": {
        "message": "HH700: Artifact for contract \"MockTokenReceiver\" not found. ",
        "stack": "HardhatError: HH700: Artifact for contract \"MockTokenReceiver\" not found. \n    at Artifacts._handleWrongArtifactForContractName (/Users/percival.lucena/coti/portal-bridge-contracts/node_modules/hardhat/src/internal/artifacts.ts:721:11)\n    at Artifacts._getArtifactPathFromFiles (/Users/percival.lucena/coti/portal-bridge-contracts/node_modules/hardhat/src/internal/artifacts.ts:852:19)\n    at Artifacts._getArtifactPath (/Users/percival.lucena/coti/portal-bridge-contracts/node_modules/hardhat/src/internal/artifacts.ts:516:21)\n    at Artifacts.readArtifact (/Users/percival.lucena/coti/portal-bridge-contracts/node_modules/hardhat/src/internal/artifacts.ts:71:26)\n    at getContractFactory (/Users/percival.lucena/coti/portal-bridge-contracts/node_modules/@nomicfoundation/hardhat-ethers/src/internal/helpers.ts:120:22)\n    at Context.<anonymous> (/Users/percival.lucena/coti/portal-bridge-contracts/test/UnifiedPrivacyBridges.test.cjs:517:41)"
      }
    },
    {
      "fullTitle": "Unified Privacy Bridges Suite PrivateERC20 Public-Amount Functions (PrivateWrappedEther) Test 41: PrivateWrappedEther (extend): transfer(itUint256,address) with encrypted payload",
      "title": "Test 41: PrivateWrappedEther (extend): transfer(itUint256,address) with encrypted payload",
      "duration": 14124,
      "status": "passed",
      "callLog": [
        {
          "method": "PrivateWrappedEther.transfer(to, itAmount)",
          "args": [
            "0x226D3Eb51e24D98150e682d0337c214779cD52A2",
            "<encrypted>"
          ],
          "txHash": "0xc59414dd1a5806a25684a022cdf972e0447d3aec09db1d47863c5c528406c11c",
          "description": "transfer(itUint256) on PrivateWrappedEther"
        }
      ]
    },
    {
      "fullTitle": "Unified Privacy Bridges Suite PrivateERC20 Public-Amount Functions (PrivateWrappedEther) Test 42: PrivateWrappedEther (extend): approve(address,itUint256) and allowance checks",
      "title": "Test 42: PrivateWrappedEther (extend): approve(address,itUint256) and allowance checks",
      "duration": 30264,
      "status": "passed",
      "callLog": [
        {
          "method": "PrivateWrappedEther.approve(spender, itAmount)",
          "args": [
            "0x226D3Eb51e24D98150e682d0337c214779cD52A2",
            "<encrypted>"
          ],
          "txHash": "0x141f17571228d129e651c2a8f4015f8fb425664059dceffceaa6694fa395c93d",
          "description": "approve(itUint256) on PrivateWrappedEther"
        },
        {
          "method": "PrivateWrappedEther.reencryptAllowance",
          "args": [
            "0x226D3Eb51e24D98150e682d0337c214779cD52A2",
            "true"
          ],
          "txHash": "0x3b81e7764a153e61a84d81f4ad341e7debb52a0c5313a5b6d82e6855a0d8f974",
          "description": "reencryptAllowance on PrivateWrappedEther"
        }
      ]
    },
    {
      "fullTitle": "Unified Privacy Bridges Suite PrivateERC20 Public-Amount Functions (PrivateWrappedEther) Test 43: PrivateWrappedEther (extend): transferFrom(address,address,itUint256)",
      "title": "Test 43: PrivateWrappedEther (extend): transferFrom(address,address,itUint256)",
      "duration": 29772,
      "status": "passed",
      "callLog": [
        {
          "method": "PrivateWrappedEther.approve(address,uint256)",
          "args": [
            "0xAb81c57CCc578a5636BFF47B896BEC6Af1c30012",
            "1"
          ],
          "txHash": "0x65b80f05d75afca4a54cfac9e6aabb15cd9b26e79e93b4aff288bb1c78747afb",
          "description": "Approve owner as spender for PrivateWrappedEther encrypted transferFrom"
        },
        {
          "method": "PrivateWrappedEther.transferFrom(from, to, itAmount)",
          "args": [
            "0xAb81c57CCc578a5636BFF47B896BEC6Af1c30012",
            "0x226D3Eb51e24D98150e682d0337c214779cD52A2",
            "<encrypted>"
          ],
          "txHash": "0x1a6f12194dc7d62f84fc7936f3f3c4904b981f8caa9d9cf2d43fbef6ff292f3a",
          "description": "transferFrom(itUint256) on PrivateWrappedEther"
        },
        {
          "method": "PrivateCOTI.grantRole",
          "args": [
            "MINTER_ROLE",
            "0x0737AAB5c0271E284740F86C65B6E655b6A97Cd9"
          ],
          "txHash": "0x2bb9238d6613ebcfd8a4ed4129047b5602574fd245da15fd222f74c20b15cd24",
          "description": "Grant MINTER_ROLE to bridge (coverage suite)"
        }
      ]
    },
    {
      "fullTitle": "Unified Privacy Bridges Suite Coverage Improvements - PrivacyBridgeCotiNative Test 45: coverage: getBridgeBalance explicit check",
      "title": "Test 45: coverage: getBridgeBalance explicit check",
      "duration": 1589,
      "status": "passed",
      "callLog": []
    },
    {
      "fullTitle": "Unified Privacy Bridges Suite Coverage Improvements - PrivacyBridgeCotiNative Test 46: coverage: receive() fallback with direct transfer",
      "title": "Test 46: coverage: receive() fallback with direct transfer",
      "duration": 19283,
      "status": "passed",
      "callLog": [
        {
          "method": "receive()",
          "args": [
            "0.01"
          ],
          "txHash": "0xf018500ae7e7d83f93ff33b2e829a60ebf6fbbb1c01a10bc8464793115a3eac6",
          "description": "Direct COTI transfer to bridge (receive fallback)"
        }
      ]
    },
    {
      "fullTitle": "Unified Privacy Bridges Suite Coverage Improvements - PrivacyBridgeCotiNative Test 47: coverage: onTokenReceived direct call should revert InvalidAddress",
      "title": "Test 47: coverage: onTokenReceived direct call should revert InvalidAddress",
      "duration": 916,
      "status": "passed",
      "callLog": [
        {
          "method": "PrivateCOTI.grantRole",
          "args": [
            "MINTER_ROLE",
            "0xAb81c57CCc578a5636BFF47B896BEC6Af1c30012"
          ],
          "txHash": "0x57f2ec095b124b86f279417effc621ee2675cba202557b17af469922165785b5",
          "description": "Grant MINTER_ROLE to owner for coverage tests"
        }
      ]
    },
    {
      "fullTitle": "Unified Privacy Bridges Suite Coverage Improvements - PrivateERC20 Test 48: coverage: name() returns token name",
      "title": "Test 48: coverage: name() returns token name",
      "duration": 919,
      "status": "passed",
      "callLog": []
    },
    {
      "fullTitle": "Unified Privacy Bridges Suite Coverage Improvements - PrivateERC20 Test 49: coverage: symbol() returns token symbol",
      "title": "Test 49: coverage: symbol() returns token symbol",
      "duration": 832,
      "status": "passed",
      "callLog": []
    },
    {
      "fullTitle": "Unified Privacy Bridges Suite Coverage Improvements - PrivateERC20 Test 50: coverage: decimals() returns 18",
      "title": "Test 50: coverage: decimals() returns 18",
      "duration": 751,
      "status": "passed",
      "callLog": []
    },
    {
      "fullTitle": "Unified Privacy Bridges Suite Coverage Improvements - PrivateERC20 Test 51: coverage: totalSupply() returns 0 (not implemented)",
      "title": "Test 51: coverage: totalSupply() returns 0 (not implemented)",
      "duration": 662,
      "status": "passed",
      "callLog": []
    },
    {
      "fullTitle": "Unified Privacy Bridges Suite Coverage Improvements - PrivateERC20 Test 52: coverage: balanceOf(address) returns ciphertext after mint",
      "title": "Test 52: coverage: balanceOf(address) returns ciphertext after mint",
      "duration": 18172,
      "status": "passed",
      "callLog": [
        {
          "method": "PrivateCOTI.mint(address,uint256)",
          "args": [
            "0xAb81c57CCc578a5636BFF47B896BEC6Af1c30012",
            "5"
          ],
          "txHash": "0x7a0aae0f7024628fa475b5ee9e9d6b625b2deafc660a52194ff215b5915f4700",
          "description": "Mint for balance query test"
        }
      ]
    },
    {
      "fullTitle": "Unified Privacy Bridges Suite Coverage Improvements - PrivateERC20 Test 53: coverage: balanceOf() returns garbled balance",
      "title": "Test 53: coverage: balanceOf() returns garbled balance",
      "duration": 1923,
      "status": "passed",
      "callLog": []
    },
    {
      "fullTitle": "Unified Privacy Bridges Suite Coverage Improvements - PrivateERC20 Test 54: coverage: allowance(address,address) returns Allowance struct",
      "title": "Test 54: coverage: allowance(address,address) returns Allowance struct",
      "duration": 17886,
      "status": "passed",
      "callLog": [
        {
          "method": "PrivateCOTI.approve(address,uint256)",
          "args": [
            "0x226D3Eb51e24D98150e682d0337c214779cD52A2",
            "1"
          ],
          "txHash": "0xf99a1bb9f3bc0eec0e35d499fd0d56338dee8d76abd9b1c9c52d8487c25e2493",
          "description": "Approve for allowance query test"
        }
      ]
    },
    {
      "fullTitle": "Unified Privacy Bridges Suite Coverage Improvements - PrivateERC20 Test 55: coverage: allowance(address,bool) returns garbled allowance",
      "title": "Test 55: coverage: allowance(address,bool) returns garbled allowance",
      "duration": 1936,
      "status": "passed",
      "callLog": []
    },
    {
      "fullTitle": "Unified Privacy Bridges Suite Coverage Improvements - PrivateERC20 Test 56: coverage: mint(address,itUint256) encrypted mint",
      "title": "Test 56: coverage: mint(address,itUint256) encrypted mint",
      "duration": 17029,
      "status": "passed",
      "callLog": [
        {
          "method": "PrivateCOTI.mint(address,itUint256)",
          "args": [
            "0x226D3Eb51e24D98150e682d0337c214779cD52A2",
            "3"
          ],
          "txHash": "0x74ea5a70aff8b00f0fd01b1cf8a9ed1cbcafa7316ec47ece76ad0ae1d31e6f9e",
          "description": "Encrypted mint"
        }
      ]
    },
    {
      "fullTitle": "Unified Privacy Bridges Suite Coverage Improvements - PrivateERC20 Test 57: coverage: burn(itUint256) encrypted burn",
      "title": "Test 57: coverage: burn(itUint256) encrypted burn",
      "duration": 15430,
      "status": "passed",
      "callLog": [
        {
          "method": "PrivateCOTI.burn(itUint256)",
          "args": [
            "1"
          ],
          "txHash": "0xc0ab3c9369ef37f766abcf150a680ee5cf78ec0c4f75c7e8e7a7d9e58a8cade8",
          "description": "Encrypted burn"
        }
      ]
    },
    {
      "fullTitle": "Unified Privacy Bridges Suite Coverage Improvements - PrivateERC20 Test 58: coverage: supportsInterface(bytes4) checks ERC165",
      "title": "Test 58: coverage: supportsInterface(bytes4) checks ERC165",
      "duration": 930,
      "status": "passed",
      "callLog": []
    },
    {
      "fullTitle": "Unified Privacy Bridges Suite Coverage Improvements - PrivateERC20 Test 59: coverage: transferAndCall(address,itUint256,bytes) encrypted ERC677",
      "title": "Test 59: coverage: transferAndCall(address,itUint256,bytes) encrypted ERC677",
      "duration": 7,
      "status": "failed",
      "callLog": [
        {
          "method": "PrivateWrappedEther.grantRole",
          "args": [
            "MINTER_ROLE",
            "0xAb81c57CCc578a5636BFF47B896BEC6Af1c30012"
          ],
          "txHash": "0x4570282fd7ce18123c0897c511b4ebe78cb8c7f8f63390980b49eb36b93ee765",
          "description": "Grant MINTER_ROLE to owner for PrivateWrappedEther coverage tests"
        }
      ],
      "err": {
        "message": "HH700: Artifact for contract \"MockTokenReceiver\" not found. ",
        "stack": "HardhatError: HH700: Artifact for contract \"MockTokenReceiver\" not found. \n    at Artifacts._handleWrongArtifactForContractName (/Users/percival.lucena/coti/portal-bridge-contracts/node_modules/hardhat/src/internal/artifacts.ts:721:11)\n    at Artifacts._getArtifactPathFromFiles (/Users/percival.lucena/coti/portal-bridge-contracts/node_modules/hardhat/src/internal/artifacts.ts:852:19)\n    at Artifacts._getArtifactPath (/Users/percival.lucena/coti/portal-bridge-contracts/node_modules/hardhat/src/internal/artifacts.ts:516:21)\n    at Artifacts.readArtifact (/Users/percival.lucena/coti/portal-bridge-contracts/node_modules/hardhat/src/internal/artifacts.ts:71:26)\n    at getContractFactory (/Users/percival.lucena/coti/portal-bridge-contracts/node_modules/@nomicfoundation/hardhat-ethers/src/internal/helpers.ts:120:22)\n    at Context.<anonymous> (/Users/percival.lucena/coti/portal-bridge-contracts/test/UnifiedPrivacyBridges.test.cjs:887:37)"
      }
    },
    {
      "fullTitle": "Unified Privacy Bridges Suite Coverage Improvements - PrivateWrappedEther Test 60: coverage: PrivateWrappedEther mint(address,itUint256) encrypted mint",
      "title": "Test 60: coverage: PrivateWrappedEther mint(address,itUint256) encrypted mint",
      "duration": 14999,
      "status": "passed",
      "callLog": [
        {
          "method": "PrivateWrappedEther.mint(address,itUint256)",
          "args": [
            "0x226D3Eb51e24D98150e682d0337c214779cD52A2",
            "3"
          ],
          "txHash": "0xb47087a6db2cd20327da01c51a502d390854c51f47af3fabd9d4692427c03141",
          "description": "Encrypted mint"
        }
      ]
    },
    {
      "fullTitle": "Unified Privacy Bridges Suite Coverage Improvements - PrivateWrappedEther Test 61: coverage: PrivateWrappedEther burn(itUint256) encrypted burn",
      "title": "Test 61: coverage: PrivateWrappedEther burn(itUint256) encrypted burn",
      "duration": 34638,
      "status": "passed",
      "callLog": [
        {
          "method": "PrivateWrappedEther.mint(address,uint256)",
          "args": [
            "0xAb81c57CCc578a5636BFF47B896BEC6Af1c30012",
            "2"
          ],
          "txHash": "0x97fb0bf32553e9daea82c588913a8dc2042bc70f36362895fc38d1efd88c4743",
          "description": "Mint public tokens to owner before encrypted burn"
        },
        {
          "method": "PrivateWrappedEther.burn(itUint256)",
          "args": [
            "1"
          ],
          "txHash": "0xaeb80b4acab242bd6a071afdc5d690b54b6c04dcff585c5df1ea69eb82043383",
          "description": "Encrypted burn"
        }
      ]
    },
    {
      "fullTitle": "Unified Privacy Bridges Suite Coverage Improvements - PrivateWrappedEther Test 62: coverage: PrivateWrappedEther transferAndCall(address,itUint256,bytes) encrypted ERC677",
      "title": "Test 62: coverage: PrivateWrappedEther transferAndCall(address,itUint256,bytes) encrypted ERC677",
      "duration": 11,
      "status": "failed",
      "callLog": [],
      "err": {
        "message": "HH700: Artifact for contract \"MockTokenReceiver\" not found. ",
        "stack": "HardhatError: HH700: Artifact for contract \"MockTokenReceiver\" not found. \n    at Artifacts._handleWrongArtifactForContractName (/Users/percival.lucena/coti/portal-bridge-contracts/node_modules/hardhat/src/internal/artifacts.ts:721:11)\n    at Artifacts._getArtifactPathFromFiles (/Users/percival.lucena/coti/portal-bridge-contracts/node_modules/hardhat/src/internal/artifacts.ts:852:19)\n    at Artifacts._getArtifactPath (/Users/percival.lucena/coti/portal-bridge-contracts/node_modules/hardhat/src/internal/artifacts.ts:516:21)\n    at Artifacts.readArtifact (/Users/percival.lucena/coti/portal-bridge-contracts/node_modules/hardhat/src/internal/artifacts.ts:71:26)\n    at getContractFactory (/Users/percival.lucena/coti/portal-bridge-contracts/node_modules/@nomicfoundation/hardhat-ethers/src/internal/helpers.ts:120:22)\n    at Context.<anonymous> (/Users/percival.lucena/coti/portal-bridge-contracts/test/UnifiedPrivacyBridges.test.cjs:1021:37)"
      }
    }
  ],
  "contractAddresses": [
    {
      "contractName": "PrivateCOTI",
      "address": "0x03eeA59b1F0Dfeaece75531b27684DD882f79759",
      "suite": "PrivateERC20 Public-Amount (PrivateCOTI)"
    },
    {
      "contractName": "PrivateWrappedEther",
      "address": "0x6f7E5eE3a913aa00c6eB9fEeCad57a7d02F7f45c",
      "suite": "PrivateERC20 Public-Amount (PrivateWrappedEther)"
    },
    {
      "contractName": "PrivacyBridgeCotiNative",
      "address": "0x0737AAB5c0271E284740F86C65B6E655b6A97Cd9",
      "suite": "Coverage - PrivacyBridgeCotiNative"
    },
    {
      "contractName": "PrivateCOTI",
      "address": "0x03eeA59b1F0Dfeaece75531b27684DD882f79759",
      "suite": "Coverage - PrivacyBridgeCotiNative"
    },
    {
      "contractName": "PrivateCOTI",
      "address": "0x03eeA59b1F0Dfeaece75531b27684DD882f79759",
      "suite": "Coverage - PrivateERC20"
    },
    {
      "contractName": "PrivateWrappedEther",
      "address": "0x6f7E5eE3a913aa00c6eB9fEeCad57a7d02F7f45c",
      "suite": "Coverage - PrivateWrappedEther"
    }
  ]
}