{
  "stats": {
    "suites": 8,
    "tests": 50,
    "passes": 50,
    "failures": 0,
    "pending": 0,
    "duration": 1329900,
    "start": "2026-04-06T13:33:15.108Z",
    "end": "2026-04-06T13:55:25.008Z"
  },
  "passes": [
    {
      "fullTitle": "Unified Privacy Bridges Suite Native Bridge (PrivacyBridgeCotiNative) Test 1: native: Should set correct initial state",
      "title": "Test 1: native: Should set correct initial state",
      "duration": 1502,
      "status": "passed",
      "callLog": []
    },
    {
      "fullTitle": "Unified Privacy Bridges Suite Native Bridge (PrivacyBridgeCotiNative) Test 2: native: Should allow deposit of native COTI",
      "title": "Test 2: native: Should allow deposit of native COTI",
      "duration": 20189,
      "status": "passed",
      "callLog": [
        {
          "method": "PrivacyBridgeCotiNative.deposit() -> PrivateERC20Mock.mint",
          "args": [
            "0.02"
          ],
          "txHash": "0xa304d57ee53c1559ceffd4e1c97786f2e2b19e94fa9ede404094cac3fbd65265",
          "description": "Deposit 0.02 Native COTI"
        }
      ]
    },
    {
      "fullTitle": "Unified Privacy Bridges Suite Native Bridge (PrivacyBridgeCotiNative) Test 3: native: Should allow withdrawal of native COTI",
      "title": "Test 3: native: Should allow withdrawal of native COTI",
      "duration": 33840,
      "status": "passed",
      "callLog": [
        {
          "method": "PrivateERC20Mock.approve",
          "args": [
            "0x8860eF23E72110A3df47eC90F6B5F07d82Ba1486",
            "0.01"
          ],
          "txHash": "0xb004d8d09d770a82c0ae1c08bf1c74f0b08ad27461e4dcd5a21be77b8aa637ea",
          "description": "Approve private COTI for withdrawal"
        },
        {
          "method": "PrivacyBridgeCotiNative.withdraw() -> PrivateERC20Mock.burn",
          "args": [
            "0.01"
          ],
          "txHash": "0x058600eb214acc25aa4236c8cfc2f5b837a29b214781de6f9fa133d3311a31c0",
          "description": "Withdraw 0.01 Native COTI"
        }
      ]
    },
    {
      "fullTitle": "Unified Privacy Bridges Suite Native Bridge (PrivacyBridgeCotiNative) Test 4: native: Should deduct fee and let owner withdraw fees",
      "title": "Test 4: native: Should deduct fee and let owner withdraw fees",
      "duration": 59066,
      "status": "passed",
      "callLog": [
        {
          "method": "PrivacyBridgeCotiNative.setDepositFee",
          "args": [
            "10000"
          ],
          "txHash": "0xb7ad6d497eed3561425739605b33d6e49b4a056d9b0dbc1b03c661167488ab55",
          "description": "Set 1% deposit fee"
        },
        {
          "method": "PrivacyBridgeCotiNative.deposit() -> PrivateERC20Mock.mint",
          "args": [
            "0.1"
          ],
          "txHash": "0xa3b6e39c1fe4f4478dc9e94de65795d86f7d28ca39692e814f628a00fe430624",
          "description": "Deposit for fee accumulation"
        },
        {
          "method": "PrivacyBridgeCotiNative.withdrawFees",
          "args": [
            "0xAb81c57CCc578a5636BFF47B896BEC6Af1c30012",
            "0.001"
          ],
          "txHash": "0x8308f5362718f5cdefb407214264092e5fc8f365a00b8149577754e39689ea11",
          "description": "Withdraw accumulated fees"
        },
        {
          "method": "PrivacyBridgeCotiNative.setDepositFee",
          "args": [
            "0"
          ],
          "txHash": "0x9910190beaacc7d4691bd20af9d891d04d569ab2a869ed68c0d37417234a5e07",
          "description": "Reset deposit fee"
        }
      ]
    },
    {
      "fullTitle": "Unified Privacy Bridges Suite Native Bridge (PrivacyBridgeCotiNative) Test 5: native: Should rescue native COTI",
      "title": "Test 5: native: Should rescue native COTI",
      "duration": 15487,
      "status": "passed",
      "callLog": [
        {
          "method": "PrivacyBridgeCotiNative.rescueNative",
          "args": [
            "0xAb81c57CCc578a5636BFF47B896BEC6Af1c30012",
            "0.0545"
          ],
          "txHash": "0x83342dabe94a0a95b757fc1ef1eb8a6a4c3cb3e6fc122b7e23d6d491851c1330",
          "description": "rescueNative 0.0545 COTI"
        },
        {
          "method": "PrivateWrappedEther.grantRole",
          "args": [
            "MINTER_ROLE",
            "0x450304F22B41f383363F76e877B82CCA800bb9ae"
          ],
          "txHash": "0xe777591e1c8de4599d15d31bbe35d2c3a4f7949de4ec13304925b262ca7f91ef",
          "description": "Grant MINTER_ROLE to WETH Bridge"
        }
      ]
    },
    {
      "fullTitle": "Unified Privacy Bridges Suite ERC20 Bridge (WETH) Test 6: WETH: Should set correct initial state",
      "title": "Test 6: WETH: Should set correct initial state",
      "duration": 2053,
      "status": "passed",
      "callLog": []
    },
    {
      "fullTitle": "Unified Privacy Bridges Suite ERC20 Bridge (WETH) Test 7: WETH: Should allow deposit",
      "title": "Test 7: WETH: Should allow deposit",
      "duration": 33610,
      "status": "passed",
      "callLog": [
        {
          "method": "MockWETH.approve",
          "args": [
            "0x450304F22B41f383363F76e877B82CCA800bb9ae",
            "10"
          ],
          "txHash": "0x5e2e0089e74819f7283ef5204ffd34b0026c1c57df6dd5d5af871971f9ad6f09",
          "description": "Approve WETH for bridge"
        },
        {
          "method": "PrivacyBridgeERC20.deposit() -> PrivateERC20Mock.mint",
          "args": [
            "10"
          ],
          "txHash": "0xc36acf388f2fa4e1179285ee3bbb39b7c70eef2ae1d67ba9af74df5e2d2639da",
          "description": "Deposit 10 WETH"
        }
      ]
    },
    {
      "fullTitle": "Unified Privacy Bridges Suite ERC20 Bridge (WETH) Test 8: WETH: Should allow withdrawal",
      "title": "Test 8: WETH: Should allow withdrawal",
      "duration": 30365,
      "status": "passed",
      "callLog": [
        {
          "method": "PrivateERC20Mock.approve",
          "args": [
            "0x450304F22B41f383363F76e877B82CCA800bb9ae",
            "5"
          ],
          "txHash": "0xc8b1a69b2eafabcc7d342fc9e31f81e14918fd0161c8df9d59d714b3d42cddd0",
          "description": "Approve private WETH"
        },
        {
          "method": "PrivacyBridgeERC20.withdraw() -> PrivateERC20Mock.burn",
          "args": [
            "5"
          ],
          "txHash": "0x64f3bf9ad791231d2295f9065e7640d2b014b0ff2da88fe6d623d2e78530faad",
          "description": "Withdraw 5 WETH"
        }
      ]
    },
    {
      "fullTitle": "Unified Privacy Bridges Suite ERC20 Bridge (WETH) Test 9: WETH: Should track fees and let owner withdraw",
      "title": "Test 9: WETH: Should track fees and let owner withdraw",
      "duration": 44715,
      "status": "passed",
      "callLog": [
        {
          "method": "PrivacyBridgeERC20.setDepositFee",
          "args": [
            "10000"
          ],
          "txHash": "0xfb2d1594b10511c1983f234629690682bd562f9b586f376bfdb77d6bf932ffef",
          "description": "Set 1% fee for WETH"
        },
        {
          "method": "MockWETH.approve",
          "args": [
            "0x450304F22B41f383363F76e877B82CCA800bb9ae",
            "100"
          ],
          "txHash": "0x7c60fe0dd70ba03baf44feadf582df5804affc2fcb29a3c710c3df75d5a77c33",
          "description": "Approve for fee test"
        },
        {
          "method": "PrivacyBridgeERC20.deposit() -> PrivateERC20Mock.mint",
          "args": [
            "100"
          ],
          "txHash": "0xbe9f23c994c10c95d6da654494f0ee8db608c516c9464775068b092f58657813",
          "description": "Deposit 100 WETH for fee test"
        }
      ]
    },
    {
      "fullTitle": "Unified Privacy Bridges Suite ERC20 Bridge (WETH) Test 10: WETH: Should rescue redundant ERC20 tokens",
      "title": "Test 10: WETH: Should rescue redundant ERC20 tokens",
      "duration": 35042,
      "status": "passed",
      "callLog": [
        {
          "method": "ERC20Mock.mint",
          "args": [
            "0x450304F22B41f383363F76e877B82CCA800bb9ae",
            "1"
          ],
          "txHash": "0x289eb10bd5203884ab863ab9588d36a06d9de5f510309e9a261ddf0d7ade977e",
          "description": "Mint stray tokens to bridge"
        },
        {
          "method": "PrivacyBridgeERC20.rescueERC20",
          "args": [
            "0x186541Ad6fFa1522b44faa76cD965b12A0Ef668f",
            "0xAb81c57CCc578a5636BFF47B896BEC6Af1c30012",
            "1"
          ],
          "txHash": "0x53cad7590b348193046acaad5a9f813ed1925e960bc7b96db1873352afc14b50",
          "description": "Rescue stray tokens"
        },
        {
          "method": "PrivateCOTI.grantRole",
          "args": [
            "MINTER_ROLE",
            "0xAb81c57CCc578a5636BFF47B896BEC6Af1c30012"
          ],
          "txHash": "0x5a9a190aeee6a42445fcab3e1d8765a98d8b36efedf70e9fe900b540b9dd8d8a",
          "description": "Grant MINTER_ROLE to owner for PrivateCOTI"
        }
      ]
    },
    {
      "fullTitle": "Unified Privacy Bridges Suite PrivateERC20 Public-Amount Functions (PrivateCOTI) Test 22: PrivateCOTI: mint(address,uint256) should mint tokens and emit Transfer",
      "title": "Test 22: PrivateCOTI: mint(address,uint256) should mint tokens and emit Transfer",
      "duration": 15762,
      "status": "passed",
      "callLog": [
        {
          "method": "PrivateCOTI.mint(address,uint256)",
          "args": [
            "0xAb81c57CCc578a5636BFF47B896BEC6Af1c30012",
            "10"
          ],
          "txHash": "0x9d4c33861f52a7dec983770e6ad7b1924753859ab4c45ab59bf2ddd48e10ebf7",
          "description": "mint(owner, 10) on PrivateCOTI"
        }
      ]
    },
    {
      "fullTitle": "Unified Privacy Bridges Suite PrivateERC20 Public-Amount Functions (PrivateCOTI) Test 23: PrivateCOTI: mint(address,uint256) should revert for non-MINTER_ROLE",
      "title": "Test 23: PrivateCOTI: mint(address,uint256) should revert for non-MINTER_ROLE",
      "duration": 10707,
      "status": "passed",
      "callLog": []
    },
    {
      "fullTitle": "Unified Privacy Bridges Suite PrivateERC20 Public-Amount Functions (PrivateCOTI) Test 24: PrivateCOTI: burn(uint256) should burn tokens and emit Transfer",
      "title": "Test 24: PrivateCOTI: burn(uint256) should burn tokens and emit Transfer",
      "duration": 14492,
      "status": "passed",
      "callLog": [
        {
          "method": "PrivateCOTI.burn(uint256)",
          "args": [
            "1"
          ],
          "txHash": "0xd27ae3aa16d28f632bfc985d0cd5a112f8f309e5898d2d91b71744784d74b00e",
          "description": "burn(1) on PrivateCOTI"
        }
      ]
    },
    {
      "fullTitle": "Unified Privacy Bridges Suite PrivateERC20 Public-Amount Functions (PrivateCOTI) Test 25: PrivateCOTI: transfer(address,uint256) should transfer tokens and emit Transfer",
      "title": "Test 25: PrivateCOTI: transfer(address,uint256) should transfer tokens and emit Transfer",
      "duration": 15113,
      "status": "passed",
      "callLog": [
        {
          "method": "PrivateCOTI.transfer(address,uint256)",
          "args": [
            "0x226D3Eb51e24D98150e682d0337c214779cD52A2",
            "2"
          ],
          "txHash": "0x45bf2685216433ad85dc6d01b1ee176c8ac139018bd893765663f04740f14ac6",
          "description": "transfer(user1, 2) on PrivateCOTI"
        }
      ]
    },
    {
      "fullTitle": "Unified Privacy Bridges Suite PrivateERC20 Public-Amount Functions (PrivateCOTI) Test 26: PrivateCOTI: approve(address,uint256) should set allowance and emit Approval",
      "title": "Test 26: PrivateCOTI: approve(address,uint256) should set allowance and emit Approval",
      "duration": 15034,
      "status": "passed",
      "callLog": [
        {
          "method": "PrivateCOTI.approve(address,uint256)",
          "args": [
            "0x226D3Eb51e24D98150e682d0337c214779cD52A2",
            "2"
          ],
          "txHash": "0xe040db49c100a73d522e781a12fe555aa8fd90d7cc0afec3cb307ae9eb99ebd9",
          "description": "approve(user1, 2) on PrivateCOTI"
        }
      ]
    },
    {
      "fullTitle": "Unified Privacy Bridges Suite PrivateERC20 Public-Amount Functions (PrivateCOTI) Test 27: PrivateCOTI: transferFrom(address,address,uint256) should spend allowance and emit Transfer",
      "title": "Test 27: PrivateCOTI: transferFrom(address,address,uint256) should spend allowance and emit Transfer",
      "duration": 14381,
      "status": "passed",
      "callLog": [
        {
          "method": "PrivateCOTI.transferFrom(address,address,uint256)",
          "args": [
            "0xAb81c57CCc578a5636BFF47B896BEC6Af1c30012",
            "0x226D3Eb51e24D98150e682d0337c214779cD52A2",
            "2"
          ],
          "txHash": "0x03156edfd4772835b22bc1e5ded66fb3417f415610ff8dcec7eb1d2c8dd2377e",
          "description": "transferFrom(owner→user1, 2) on PrivateCOTI"
        }
      ]
    },
    {
      "fullTitle": "Unified Privacy Bridges Suite PrivateERC20 Public-Amount Functions (PrivateCOTI) Test 28: PrivateCOTI (extend): setAccountEncryptionAddress & accountEncryptionAddress",
      "title": "Test 28: PrivateCOTI (extend): setAccountEncryptionAddress & accountEncryptionAddress",
      "duration": 15202,
      "status": "passed",
      "callLog": [
        {
          "method": "PrivateCOTI.setAccountEncryptionAddress",
          "args": [
            "<mock_address>"
          ],
          "txHash": "0xdf52f447203c2698ac45db640fdb6a59e6a0c0fbac2427c77d219d0114d8bf67",
          "description": "setAccountEncryptionAddress on PrivateCOTI"
        }
      ]
    },
    {
      "fullTitle": "Unified Privacy Bridges Suite PrivateERC20 Public-Amount Functions (PrivateCOTI) Test 29: PrivateCOTI (extend): transferAndCall (ERC677) triggers onTokenReceived",
      "title": "Test 29: PrivateCOTI (extend): transferAndCall (ERC677) triggers onTokenReceived",
      "duration": 24440,
      "status": "passed",
      "callLog": [
        {
          "method": "PrivateCOTI.transferAndCall",
          "args": [
            "0x3Df740763A445E01ff13fE2E5F7b17EEE17C7979",
            "0.1",
            "0x68656c..."
          ],
          "txHash": "0x15552d4bef2b345769543e14fc64e591926b27f747dba835a7f5bd59ec09583b",
          "description": "transferAndCall to PublicTokenReceiverMock on PrivateCOTI"
        }
      ]
    },
    {
      "fullTitle": "Unified Privacy Bridges Suite PrivateERC20 Public-Amount Functions (PrivateCOTI) Test 30: PrivateCOTI (extend): transfer(itUint256,address) with encrypted payload",
      "title": "Test 30: PrivateCOTI (extend): transfer(itUint256,address) with encrypted payload",
      "duration": 15056,
      "status": "passed",
      "callLog": [
        {
          "method": "PrivateCOTI.transfer(to, itAmount)",
          "args": [
            "0x226D3Eb51e24D98150e682d0337c214779cD52A2",
            "<encrypted>"
          ],
          "txHash": "0x87c68da5957bbb7cdffe536d3ea0a2a844befcd7643419e56b0a8323aa2e4e51",
          "description": "transfer(itUint256) on PrivateCOTI"
        }
      ]
    },
    {
      "fullTitle": "Unified Privacy Bridges Suite PrivateERC20 Public-Amount Functions (PrivateCOTI) Test 31: PrivateCOTI (extend): approve(address,itUint256) and allowance checks",
      "title": "Test 31: PrivateCOTI (extend): approve(address,itUint256) and allowance checks",
      "duration": 30103,
      "status": "passed",
      "callLog": [
        {
          "method": "PrivateCOTI.approve(spender, itAmount)",
          "args": [
            "0x226D3Eb51e24D98150e682d0337c214779cD52A2",
            "<encrypted>"
          ],
          "txHash": "0x3e2c37bf9047963c8bbbe64456eaef76b59c64d613e6ff526f2e33381388ce30",
          "description": "approve(itUint256) on PrivateCOTI"
        },
        {
          "method": "PrivateCOTI.reencryptAllowance",
          "args": [
            "0x226D3Eb51e24D98150e682d0337c214779cD52A2",
            "true"
          ],
          "txHash": "0xcacb5f2539e100b2d7787230e5182f545e8aa86ab6b8b22ba6fa5f8a1a6ade3d",
          "description": "reencryptAllowance on PrivateCOTI"
        }
      ]
    },
    {
      "fullTitle": "Unified Privacy Bridges Suite PrivateERC20 Public-Amount Functions (PrivateCOTI) Test 32: PrivateCOTI (extend): transferFrom(address,address,itUint256)",
      "title": "Test 32: PrivateCOTI (extend): transferFrom(address,address,itUint256)",
      "duration": 30263,
      "status": "passed",
      "callLog": [
        {
          "method": "PrivateCOTI.approve(address,uint256)",
          "args": [
            "0xAb81c57CCc578a5636BFF47B896BEC6Af1c30012",
            "1"
          ],
          "txHash": "0xbc22169dddf90214e7f10fda49f8de986e0709dc00fc8a67ecf5272ba8761a1f",
          "description": "Approve owner as spender for PrivateCOTI encrypted transferFrom"
        },
        {
          "method": "PrivateCOTI.transferFrom(from, to, itAmount)",
          "args": [
            "0xAb81c57CCc578a5636BFF47B896BEC6Af1c30012",
            "0x226D3Eb51e24D98150e682d0337c214779cD52A2",
            "<encrypted>"
          ],
          "txHash": "0xb2c1b70a36e4e18a6fd0360755abaf3de3b5db0c3b9faf8c0f518e81fe19a57a",
          "description": "transferFrom(itUint256) on PrivateCOTI"
        },
        {
          "method": "PrivateWrappedEther.grantRole",
          "args": [
            "MINTER_ROLE",
            "0xAb81c57CCc578a5636BFF47B896BEC6Af1c30012"
          ],
          "txHash": "0xdf9caab683bb42a8cb439934ced649ffaf08f07ea650c65e7b1df3882a9d9add",
          "description": "Grant MINTER_ROLE to owner for PrivateWrappedEther"
        }
      ]
    },
    {
      "fullTitle": "Unified Privacy Bridges Suite PrivateERC20 Public-Amount Functions (PrivateWrappedEther) Test 33: PrivateWrappedEther: mint(address,uint256) should mint tokens and emit Transfer",
      "title": "Test 33: PrivateWrappedEther: mint(address,uint256) should mint tokens and emit Transfer",
      "duration": 16363,
      "status": "passed",
      "callLog": [
        {
          "method": "PrivateWrappedEther.mint(address,uint256)",
          "args": [
            "0xAb81c57CCc578a5636BFF47B896BEC6Af1c30012",
            "10"
          ],
          "txHash": "0xa6c5e37f3c6b6acc74cfe6eacf6a4c627fc383d1b13c6735d0375760cebebaa7",
          "description": "mint(owner, 10) on PrivateWrappedEther"
        }
      ]
    },
    {
      "fullTitle": "Unified Privacy Bridges Suite PrivateERC20 Public-Amount Functions (PrivateWrappedEther) Test 34: PrivateWrappedEther: mint(address,uint256) should revert for non-MINTER_ROLE",
      "title": "Test 34: PrivateWrappedEther: mint(address,uint256) should revert for non-MINTER_ROLE",
      "duration": 10486,
      "status": "passed",
      "callLog": []
    },
    {
      "fullTitle": "Unified Privacy Bridges Suite PrivateERC20 Public-Amount Functions (PrivateWrappedEther) Test 35: PrivateWrappedEther: burn(uint256) should burn tokens and emit Transfer",
      "title": "Test 35: PrivateWrappedEther: burn(uint256) should burn tokens and emit Transfer",
      "duration": 14090,
      "status": "passed",
      "callLog": [
        {
          "method": "PrivateWrappedEther.burn(uint256)",
          "args": [
            "1"
          ],
          "txHash": "0xe9df45aeeb7653a428f3a6fafcbab796aeb016c73b02cb1f24d2dce5ab3ddf63",
          "description": "burn(1) on PrivateWrappedEther"
        }
      ]
    },
    {
      "fullTitle": "Unified Privacy Bridges Suite PrivateERC20 Public-Amount Functions (PrivateWrappedEther) Test 36: PrivateWrappedEther: transfer(address,uint256) should transfer tokens and emit Transfer",
      "title": "Test 36: PrivateWrappedEther: transfer(address,uint256) should transfer tokens and emit Transfer",
      "duration": 14936,
      "status": "passed",
      "callLog": [
        {
          "method": "PrivateWrappedEther.transfer(address,uint256)",
          "args": [
            "0x226D3Eb51e24D98150e682d0337c214779cD52A2",
            "2"
          ],
          "txHash": "0x64609d0e2c6bf71a621d941f46a7109b6b32929a617434ad844dc4ba6d5eaa6c",
          "description": "transfer(user1, 2) on PrivateWrappedEther"
        }
      ]
    },
    {
      "fullTitle": "Unified Privacy Bridges Suite PrivateERC20 Public-Amount Functions (PrivateWrappedEther) Test 37: PrivateWrappedEther: approve(address,uint256) should set allowance and emit Approval",
      "title": "Test 37: PrivateWrappedEther: approve(address,uint256) should set allowance and emit Approval",
      "duration": 15496,
      "status": "passed",
      "callLog": [
        {
          "method": "PrivateWrappedEther.approve(address,uint256)",
          "args": [
            "0x226D3Eb51e24D98150e682d0337c214779cD52A2",
            "2"
          ],
          "txHash": "0x2e554e8f9159a474de2f04b1f2d7424934e8cdfb7cfe462cd5f12dd8b5fa76f8",
          "description": "approve(user1, 2) on PrivateWrappedEther"
        }
      ]
    },
    {
      "fullTitle": "Unified Privacy Bridges Suite PrivateERC20 Public-Amount Functions (PrivateWrappedEther) Test 38: PrivateWrappedEther: transferFrom(address,address,uint256) should spend allowance and emit Transfer",
      "title": "Test 38: PrivateWrappedEther: transferFrom(address,address,uint256) should spend allowance and emit Transfer",
      "duration": 14940,
      "status": "passed",
      "callLog": [
        {
          "method": "PrivateWrappedEther.transferFrom(address,address,uint256)",
          "args": [
            "0xAb81c57CCc578a5636BFF47B896BEC6Af1c30012",
            "0x226D3Eb51e24D98150e682d0337c214779cD52A2",
            "2"
          ],
          "txHash": "0xf012f5e866a10606bea1f51b51ff25b6cdd21c3e93c34257d30087d7169dc234",
          "description": "transferFrom(owner→user1, 2) on PrivateWrappedEther"
        }
      ]
    },
    {
      "fullTitle": "Unified Privacy Bridges Suite PrivateERC20 Public-Amount Functions (PrivateWrappedEther) Test 39: PrivateWrappedEther (extend): setAccountEncryptionAddress & accountEncryptionAddress",
      "title": "Test 39: PrivateWrappedEther (extend): setAccountEncryptionAddress & accountEncryptionAddress",
      "duration": 14578,
      "status": "passed",
      "callLog": [
        {
          "method": "PrivateWrappedEther.setAccountEncryptionAddress",
          "args": [
            "<mock_address>"
          ],
          "txHash": "0x9a9f9f00650e2ee51d1d640d2d1ffe48370bdbe8b58c94ccb2eec7b275dcf55b",
          "description": "setAccountEncryptionAddress on PrivateWrappedEther"
        }
      ]
    },
    {
      "fullTitle": "Unified Privacy Bridges Suite PrivateERC20 Public-Amount Functions (PrivateWrappedEther) Test 40: PrivateWrappedEther (extend): transferAndCall (ERC677) triggers onTokenReceived",
      "title": "Test 40: PrivateWrappedEther (extend): transferAndCall (ERC677) triggers onTokenReceived",
      "duration": 24434,
      "status": "passed",
      "callLog": [
        {
          "method": "PrivateWrappedEther.transferAndCall",
          "args": [
            "0x94a40fA5FB0aa50e72409E21d95ceAFBC872F1cA",
            "0.1",
            "0x68656c..."
          ],
          "txHash": "0xde4c103cf269f73f39ba984aa9efecbc5c8f448ceb8a94dc4076633946e71799",
          "description": "transferAndCall to PublicTokenReceiverMock on PrivateWrappedEther"
        }
      ]
    },
    {
      "fullTitle": "Unified Privacy Bridges Suite PrivateERC20 Public-Amount Functions (PrivateWrappedEther) Test 41: PrivateWrappedEther (extend): transfer(itUint256,address) with encrypted payload",
      "title": "Test 41: PrivateWrappedEther (extend): transfer(itUint256,address) with encrypted payload",
      "duration": 14746,
      "status": "passed",
      "callLog": [
        {
          "method": "PrivateWrappedEther.transfer(to, itAmount)",
          "args": [
            "0x226D3Eb51e24D98150e682d0337c214779cD52A2",
            "<encrypted>"
          ],
          "txHash": "0x6e3b08c4cd7312a2ca9533f01fa9ab59bdda2b56b825e6b6b31847826756bcb5",
          "description": "transfer(itUint256) on PrivateWrappedEther"
        }
      ]
    },
    {
      "fullTitle": "Unified Privacy Bridges Suite PrivateERC20 Public-Amount Functions (PrivateWrappedEther) Test 42: PrivateWrappedEther (extend): approve(address,itUint256) and allowance checks",
      "title": "Test 42: PrivateWrappedEther (extend): approve(address,itUint256) and allowance checks",
      "duration": 30212,
      "status": "passed",
      "callLog": [
        {
          "method": "PrivateWrappedEther.approve(spender, itAmount)",
          "args": [
            "0x226D3Eb51e24D98150e682d0337c214779cD52A2",
            "<encrypted>"
          ],
          "txHash": "0x52003ed10c5d9228f2f5b5b0c72dab073ce9d5c7e7992d9852d1d1d596576664",
          "description": "approve(itUint256) on PrivateWrappedEther"
        },
        {
          "method": "PrivateWrappedEther.reencryptAllowance",
          "args": [
            "0x226D3Eb51e24D98150e682d0337c214779cD52A2",
            "true"
          ],
          "txHash": "0xf020988107b8b5310a4dd3143a6d45b481fb945da94c0fc11166caf38de71fbe",
          "description": "reencryptAllowance on PrivateWrappedEther"
        }
      ]
    },
    {
      "fullTitle": "Unified Privacy Bridges Suite PrivateERC20 Public-Amount Functions (PrivateWrappedEther) Test 43: PrivateWrappedEther (extend): transferFrom(address,address,itUint256)",
      "title": "Test 43: PrivateWrappedEther (extend): transferFrom(address,address,itUint256)",
      "duration": 30163,
      "status": "passed",
      "callLog": [
        {
          "method": "PrivateWrappedEther.approve(address,uint256)",
          "args": [
            "0xAb81c57CCc578a5636BFF47B896BEC6Af1c30012",
            "1"
          ],
          "txHash": "0xab34ed51486846d9e526a439a1534c871bed96891ee1fe8edbe2922d827120a5",
          "description": "Approve owner as spender for PrivateWrappedEther encrypted transferFrom"
        },
        {
          "method": "PrivateWrappedEther.transferFrom(from, to, itAmount)",
          "args": [
            "0xAb81c57CCc578a5636BFF47B896BEC6Af1c30012",
            "0x226D3Eb51e24D98150e682d0337c214779cD52A2",
            "<encrypted>"
          ],
          "txHash": "0xe0b085848cd9455f41c716c3dc0c158d28703989c562ed168e56bebff0cc4794",
          "description": "transferFrom(itUint256) on PrivateWrappedEther"
        },
        {
          "method": "PrivateCOTI.grantRole",
          "args": [
            "MINTER_ROLE",
            "0x7a13ABf1CdF25439d7728caF711C14ed847F8EE2"
          ],
          "txHash": "0x6a6bcabfd42c3dd99bb0ee96e36585d5643e99f08a9b83e7b9675e9e98a351dd",
          "description": "Grant MINTER_ROLE to bridge (coverage suite)"
        }
      ]
    },
    {
      "fullTitle": "Unified Privacy Bridges Suite Coverage Improvements - PrivacyBridgeCotiNative Test 45: coverage: getBridgeBalance explicit check",
      "title": "Test 45: coverage: getBridgeBalance explicit check",
      "duration": 1487,
      "status": "passed",
      "callLog": []
    },
    {
      "fullTitle": "Unified Privacy Bridges Suite Coverage Improvements - PrivacyBridgeCotiNative Test 46: coverage: receive() fallback with direct transfer",
      "title": "Test 46: coverage: receive() fallback with direct transfer",
      "duration": 19671,
      "status": "passed",
      "callLog": [
        {
          "method": "receive()",
          "args": [
            "0.01"
          ],
          "txHash": "0x9bb800afdef68dfe607be58232970ebcc0544666d984accd59a4e3c5aa3390a8",
          "description": "Direct COTI transfer to bridge (receive fallback)"
        }
      ]
    },
    {
      "fullTitle": "Unified Privacy Bridges Suite Coverage Improvements - PrivacyBridgeCotiNative Test 47: coverage: onTokenReceived direct call should revert InvalidAddress",
      "title": "Test 47: coverage: onTokenReceived direct call should revert InvalidAddress",
      "duration": 756,
      "status": "passed",
      "callLog": [
        {
          "method": "PrivateCOTI.grantRole",
          "args": [
            "MINTER_ROLE",
            "0xAb81c57CCc578a5636BFF47B896BEC6Af1c30012"
          ],
          "txHash": "0x4702222af5aa06e558089d8d8a5e379946f8eb89c907925083071327ecbf41d4",
          "description": "Grant MINTER_ROLE to owner for coverage tests"
        }
      ]
    },
    {
      "fullTitle": "Unified Privacy Bridges Suite Coverage Improvements - PrivateERC20 Test 48: coverage: name() returns token name",
      "title": "Test 48: coverage: name() returns token name",
      "duration": 919,
      "status": "passed",
      "callLog": []
    },
    {
      "fullTitle": "Unified Privacy Bridges Suite Coverage Improvements - PrivateERC20 Test 49: coverage: symbol() returns token symbol",
      "title": "Test 49: coverage: symbol() returns token symbol",
      "duration": 736,
      "status": "passed",
      "callLog": []
    },
    {
      "fullTitle": "Unified Privacy Bridges Suite Coverage Improvements - PrivateERC20 Test 50: coverage: decimals() returns 18",
      "title": "Test 50: coverage: decimals() returns 18",
      "duration": 901,
      "status": "passed",
      "callLog": []
    },
    {
      "fullTitle": "Unified Privacy Bridges Suite Coverage Improvements - PrivateERC20 Test 51: coverage: totalSupply() returns 0 (not implemented)",
      "title": "Test 51: coverage: totalSupply() returns 0 (not implemented)",
      "duration": 696,
      "status": "passed",
      "callLog": []
    },
    {
      "fullTitle": "Unified Privacy Bridges Suite Coverage Improvements - PrivateERC20 Test 52: coverage: balanceOf(address) returns ciphertext after mint",
      "title": "Test 52: coverage: balanceOf(address) returns ciphertext after mint",
      "duration": 18167,
      "status": "passed",
      "callLog": [
        {
          "method": "PrivateCOTI.mint(address,uint256)",
          "args": [
            "0xAb81c57CCc578a5636BFF47B896BEC6Af1c30012",
            "5"
          ],
          "txHash": "0xacf2cdb4a628ec02e30ef16faf3ccf89a9b49ba90506af5d68b2e596d7d8ce6c",
          "description": "Mint for balance query test"
        }
      ]
    },
    {
      "fullTitle": "Unified Privacy Bridges Suite Coverage Improvements - PrivateERC20 Test 53: coverage: balanceOf() returns garbled balance",
      "title": "Test 53: coverage: balanceOf() returns garbled balance",
      "duration": 1890,
      "status": "passed",
      "callLog": []
    },
    {
      "fullTitle": "Unified Privacy Bridges Suite Coverage Improvements - PrivateERC20 Test 54: coverage: allowance(address,address) returns Allowance struct",
      "title": "Test 54: coverage: allowance(address,address) returns Allowance struct",
      "duration": 18259,
      "status": "passed",
      "callLog": [
        {
          "method": "PrivateCOTI.approve(address,uint256)",
          "args": [
            "0x226D3Eb51e24D98150e682d0337c214779cD52A2",
            "1"
          ],
          "txHash": "0xd122e4a00d77eb9c71c252bb685d29b9641597fde41c8917f49c68bd7ddf8bbb",
          "description": "Approve for allowance query test"
        }
      ]
    },
    {
      "fullTitle": "Unified Privacy Bridges Suite Coverage Improvements - PrivateERC20 Test 55: coverage: allowance(address,bool) returns garbled allowance",
      "title": "Test 55: coverage: allowance(address,bool) returns garbled allowance",
      "duration": 2267,
      "status": "passed",
      "callLog": []
    },
    {
      "fullTitle": "Unified Privacy Bridges Suite Coverage Improvements - PrivateERC20 Test 56: coverage: mint(address,itUint256) encrypted mint",
      "title": "Test 56: coverage: mint(address,itUint256) encrypted mint",
      "duration": 16331,
      "status": "passed",
      "callLog": [
        {
          "method": "PrivateCOTI.mint(address,itUint256)",
          "args": [
            "0x226D3Eb51e24D98150e682d0337c214779cD52A2",
            "3"
          ],
          "txHash": "0xc27a325471048fc7d11dc779cf1cd0de9fe0ed810070f38e7066ebd9b26a0534",
          "description": "Encrypted mint"
        }
      ]
    },
    {
      "fullTitle": "Unified Privacy Bridges Suite Coverage Improvements - PrivateERC20 Test 57: coverage: burn(itUint256) encrypted burn",
      "title": "Test 57: coverage: burn(itUint256) encrypted burn",
      "duration": 14550,
      "status": "passed",
      "callLog": [
        {
          "method": "PrivateCOTI.burn(itUint256)",
          "args": [
            "1"
          ],
          "txHash": "0x243c10e1a855940139381a8afc601015dbe5c33f61691a37b1d57546d81b939a",
          "description": "Encrypted burn"
        }
      ]
    },
    {
      "fullTitle": "Unified Privacy Bridges Suite Coverage Improvements - PrivateERC20 Test 58: coverage: supportsInterface(bytes4) checks ERC165",
      "title": "Test 58: coverage: supportsInterface(bytes4) checks ERC165",
      "duration": 920,
      "status": "passed",
      "callLog": []
    },
    {
      "fullTitle": "Unified Privacy Bridges Suite Coverage Improvements - PrivateERC20 Test 59: coverage: transferAndCall(address,itUint256,bytes) encrypted ERC677",
      "title": "Test 59: coverage: transferAndCall(address,itUint256,bytes) encrypted ERC677",
      "duration": 24139,
      "status": "passed",
      "callLog": [
        {
          "method": "PrivateCOTI.transferAndCall(address,itUint256,bytes)",
          "args": [
            "0x2B9800036Bd0bfA355D93D76DBb94dB413FbfEe2",
            "0.5"
          ],
          "txHash": "0x30480919a17312b58e1f381975b3913740ae7755149ecfb8120f015503ff7b08",
          "description": "Encrypted transferAndCall"
        },
        {
          "method": "PrivateWrappedEther.grantRole",
          "args": [
            "MINTER_ROLE",
            "0xAb81c57CCc578a5636BFF47B896BEC6Af1c30012"
          ],
          "txHash": "0x51f282188406f6420d37fadbbcc1aa0f5dfe4df587b12441409210cee6e43026",
          "description": "Grant MINTER_ROLE to owner for PrivateWrappedEther coverage tests"
        }
      ]
    },
    {
      "fullTitle": "Unified Privacy Bridges Suite Coverage Improvements - PrivateWrappedEther Test 60: coverage: PrivateWrappedEther mint(address,itUint256) encrypted mint",
      "title": "Test 60: coverage: PrivateWrappedEther mint(address,itUint256) encrypted mint",
      "duration": 15346,
      "status": "passed",
      "callLog": [
        {
          "method": "PrivateWrappedEther.mint(address,itUint256)",
          "args": [
            "0x226D3Eb51e24D98150e682d0337c214779cD52A2",
            "3"
          ],
          "txHash": "0x2b62c247b19708d0acb0f522820972e3c132f8708e96a2fd9f0888cb44594b11",
          "description": "Encrypted mint"
        }
      ]
    },
    {
      "fullTitle": "Unified Privacy Bridges Suite Coverage Improvements - PrivateWrappedEther Test 61: coverage: PrivateWrappedEther burn(itUint256) encrypted burn",
      "title": "Test 61: coverage: PrivateWrappedEther burn(itUint256) encrypted burn",
      "duration": 30151,
      "status": "passed",
      "callLog": [
        {
          "method": "PrivateWrappedEther.mint(address,uint256)",
          "args": [
            "0xAb81c57CCc578a5636BFF47B896BEC6Af1c30012",
            "2"
          ],
          "txHash": "0xb093b3a84505ece31a1d06f08f501be157809007a63342105fc8105c9f5b23b8",
          "description": "Mint public tokens to owner before encrypted burn"
        },
        {
          "method": "PrivateWrappedEther.burn(itUint256)",
          "args": [
            "1"
          ],
          "txHash": "0x366c59653ec4991311cdeda09ece3d45496c04bc28e870f63cd0031bbb33317c",
          "description": "Encrypted burn"
        }
      ]
    },
    {
      "fullTitle": "Unified Privacy Bridges Suite Coverage Improvements - PrivateWrappedEther Test 62: coverage: PrivateWrappedEther transferAndCall(address,itUint256,bytes) encrypted ERC677",
      "title": "Test 62: coverage: PrivateWrappedEther transferAndCall(address,itUint256,bytes) encrypted ERC677",
      "duration": 39669,
      "status": "passed",
      "callLog": [
        {
          "method": "PrivateWrappedEther.mint(address,uint256)",
          "args": [
            "0xAb81c57CCc578a5636BFF47B896BEC6Af1c30012",
            "2"
          ],
          "txHash": "0x8064b1c5c943d11fdc70e3910dce6ecfc3db5f0fb83e7cf628c0a7f337fc1bef",
          "description": "Mint tokens to owner before encrypted transferAndCall"
        },
        {
          "method": "PrivateWrappedEther.transferAndCall(address,itUint256,bytes)",
          "args": [
            "0xD0616dB808944c5efB3Df3B57ed106c64988f830",
            "0.5"
          ],
          "txHash": "0x4e3bbe66e69875838fb88e0525d3618638a7dfbf4e585e9463a54602b10ea95a",
          "description": "Encrypted transferAndCall"
        }
      ]
    }
  ],
  "failures": [],
  "pending": [],
  "tests": [
    {
      "fullTitle": "Unified Privacy Bridges Suite Native Bridge (PrivacyBridgeCotiNative) Test 1: native: Should set correct initial state",
      "title": "Test 1: native: Should set correct initial state",
      "duration": 1502,
      "status": "passed",
      "callLog": []
    },
    {
      "fullTitle": "Unified Privacy Bridges Suite Native Bridge (PrivacyBridgeCotiNative) Test 2: native: Should allow deposit of native COTI",
      "title": "Test 2: native: Should allow deposit of native COTI",
      "duration": 20189,
      "status": "passed",
      "callLog": [
        {
          "method": "PrivacyBridgeCotiNative.deposit() -> PrivateERC20Mock.mint",
          "args": [
            "0.02"
          ],
          "txHash": "0xa304d57ee53c1559ceffd4e1c97786f2e2b19e94fa9ede404094cac3fbd65265",
          "description": "Deposit 0.02 Native COTI"
        }
      ]
    },
    {
      "fullTitle": "Unified Privacy Bridges Suite Native Bridge (PrivacyBridgeCotiNative) Test 3: native: Should allow withdrawal of native COTI",
      "title": "Test 3: native: Should allow withdrawal of native COTI",
      "duration": 33840,
      "status": "passed",
      "callLog": [
        {
          "method": "PrivateERC20Mock.approve",
          "args": [
            "0x8860eF23E72110A3df47eC90F6B5F07d82Ba1486",
            "0.01"
          ],
          "txHash": "0xb004d8d09d770a82c0ae1c08bf1c74f0b08ad27461e4dcd5a21be77b8aa637ea",
          "description": "Approve private COTI for withdrawal"
        },
        {
          "method": "PrivacyBridgeCotiNative.withdraw() -> PrivateERC20Mock.burn",
          "args": [
            "0.01"
          ],
          "txHash": "0x058600eb214acc25aa4236c8cfc2f5b837a29b214781de6f9fa133d3311a31c0",
          "description": "Withdraw 0.01 Native COTI"
        }
      ]
    },
    {
      "fullTitle": "Unified Privacy Bridges Suite Native Bridge (PrivacyBridgeCotiNative) Test 4: native: Should deduct fee and let owner withdraw fees",
      "title": "Test 4: native: Should deduct fee and let owner withdraw fees",
      "duration": 59066,
      "status": "passed",
      "callLog": [
        {
          "method": "PrivacyBridgeCotiNative.setDepositFee",
          "args": [
            "10000"
          ],
          "txHash": "0xb7ad6d497eed3561425739605b33d6e49b4a056d9b0dbc1b03c661167488ab55",
          "description": "Set 1% deposit fee"
        },
        {
          "method": "PrivacyBridgeCotiNative.deposit() -> PrivateERC20Mock.mint",
          "args": [
            "0.1"
          ],
          "txHash": "0xa3b6e39c1fe4f4478dc9e94de65795d86f7d28ca39692e814f628a00fe430624",
          "description": "Deposit for fee accumulation"
        },
        {
          "method": "PrivacyBridgeCotiNative.withdrawFees",
          "args": [
            "0xAb81c57CCc578a5636BFF47B896BEC6Af1c30012",
            "0.001"
          ],
          "txHash": "0x8308f5362718f5cdefb407214264092e5fc8f365a00b8149577754e39689ea11",
          "description": "Withdraw accumulated fees"
        },
        {
          "method": "PrivacyBridgeCotiNative.setDepositFee",
          "args": [
            "0"
          ],
          "txHash": "0x9910190beaacc7d4691bd20af9d891d04d569ab2a869ed68c0d37417234a5e07",
          "description": "Reset deposit fee"
        }
      ]
    },
    {
      "fullTitle": "Unified Privacy Bridges Suite Native Bridge (PrivacyBridgeCotiNative) Test 5: native: Should rescue native COTI",
      "title": "Test 5: native: Should rescue native COTI",
      "duration": 15487,
      "status": "passed",
      "callLog": [
        {
          "method": "PrivacyBridgeCotiNative.rescueNative",
          "args": [
            "0xAb81c57CCc578a5636BFF47B896BEC6Af1c30012",
            "0.0545"
          ],
          "txHash": "0x83342dabe94a0a95b757fc1ef1eb8a6a4c3cb3e6fc122b7e23d6d491851c1330",
          "description": "rescueNative 0.0545 COTI"
        },
        {
          "method": "PrivateWrappedEther.grantRole",
          "args": [
            "MINTER_ROLE",
            "0x450304F22B41f383363F76e877B82CCA800bb9ae"
          ],
          "txHash": "0xe777591e1c8de4599d15d31bbe35d2c3a4f7949de4ec13304925b262ca7f91ef",
          "description": "Grant MINTER_ROLE to WETH Bridge"
        }
      ]
    },
    {
      "fullTitle": "Unified Privacy Bridges Suite ERC20 Bridge (WETH) Test 6: WETH: Should set correct initial state",
      "title": "Test 6: WETH: Should set correct initial state",
      "duration": 2053,
      "status": "passed",
      "callLog": []
    },
    {
      "fullTitle": "Unified Privacy Bridges Suite ERC20 Bridge (WETH) Test 7: WETH: Should allow deposit",
      "title": "Test 7: WETH: Should allow deposit",
      "duration": 33610,
      "status": "passed",
      "callLog": [
        {
          "method": "MockWETH.approve",
          "args": [
            "0x450304F22B41f383363F76e877B82CCA800bb9ae",
            "10"
          ],
          "txHash": "0x5e2e0089e74819f7283ef5204ffd34b0026c1c57df6dd5d5af871971f9ad6f09",
          "description": "Approve WETH for bridge"
        },
        {
          "method": "PrivacyBridgeERC20.deposit() -> PrivateERC20Mock.mint",
          "args": [
            "10"
          ],
          "txHash": "0xc36acf388f2fa4e1179285ee3bbb39b7c70eef2ae1d67ba9af74df5e2d2639da",
          "description": "Deposit 10 WETH"
        }
      ]
    },
    {
      "fullTitle": "Unified Privacy Bridges Suite ERC20 Bridge (WETH) Test 8: WETH: Should allow withdrawal",
      "title": "Test 8: WETH: Should allow withdrawal",
      "duration": 30365,
      "status": "passed",
      "callLog": [
        {
          "method": "PrivateERC20Mock.approve",
          "args": [
            "0x450304F22B41f383363F76e877B82CCA800bb9ae",
            "5"
          ],
          "txHash": "0xc8b1a69b2eafabcc7d342fc9e31f81e14918fd0161c8df9d59d714b3d42cddd0",
          "description": "Approve private WETH"
        },
        {
          "method": "PrivacyBridgeERC20.withdraw() -> PrivateERC20Mock.burn",
          "args": [
            "5"
          ],
          "txHash": "0x64f3bf9ad791231d2295f9065e7640d2b014b0ff2da88fe6d623d2e78530faad",
          "description": "Withdraw 5 WETH"
        }
      ]
    },
    {
      "fullTitle": "Unified Privacy Bridges Suite ERC20 Bridge (WETH) Test 9: WETH: Should track fees and let owner withdraw",
      "title": "Test 9: WETH: Should track fees and let owner withdraw",
      "duration": 44715,
      "status": "passed",
      "callLog": [
        {
          "method": "PrivacyBridgeERC20.setDepositFee",
          "args": [
            "10000"
          ],
          "txHash": "0xfb2d1594b10511c1983f234629690682bd562f9b586f376bfdb77d6bf932ffef",
          "description": "Set 1% fee for WETH"
        },
        {
          "method": "MockWETH.approve",
          "args": [
            "0x450304F22B41f383363F76e877B82CCA800bb9ae",
            "100"
          ],
          "txHash": "0x7c60fe0dd70ba03baf44feadf582df5804affc2fcb29a3c710c3df75d5a77c33",
          "description": "Approve for fee test"
        },
        {
          "method": "PrivacyBridgeERC20.deposit() -> PrivateERC20Mock.mint",
          "args": [
            "100"
          ],
          "txHash": "0xbe9f23c994c10c95d6da654494f0ee8db608c516c9464775068b092f58657813",
          "description": "Deposit 100 WETH for fee test"
        }
      ]
    },
    {
      "fullTitle": "Unified Privacy Bridges Suite ERC20 Bridge (WETH) Test 10: WETH: Should rescue redundant ERC20 tokens",
      "title": "Test 10: WETH: Should rescue redundant ERC20 tokens",
      "duration": 35042,
      "status": "passed",
      "callLog": [
        {
          "method": "ERC20Mock.mint",
          "args": [
            "0x450304F22B41f383363F76e877B82CCA800bb9ae",
            "1"
          ],
          "txHash": "0x289eb10bd5203884ab863ab9588d36a06d9de5f510309e9a261ddf0d7ade977e",
          "description": "Mint stray tokens to bridge"
        },
        {
          "method": "PrivacyBridgeERC20.rescueERC20",
          "args": [
            "0x186541Ad6fFa1522b44faa76cD965b12A0Ef668f",
            "0xAb81c57CCc578a5636BFF47B896BEC6Af1c30012",
            "1"
          ],
          "txHash": "0x53cad7590b348193046acaad5a9f813ed1925e960bc7b96db1873352afc14b50",
          "description": "Rescue stray tokens"
        },
        {
          "method": "PrivateCOTI.grantRole",
          "args": [
            "MINTER_ROLE",
            "0xAb81c57CCc578a5636BFF47B896BEC6Af1c30012"
          ],
          "txHash": "0x5a9a190aeee6a42445fcab3e1d8765a98d8b36efedf70e9fe900b540b9dd8d8a",
          "description": "Grant MINTER_ROLE to owner for PrivateCOTI"
        }
      ]
    },
    {
      "fullTitle": "Unified Privacy Bridges Suite PrivateERC20 Public-Amount Functions (PrivateCOTI) Test 22: PrivateCOTI: mint(address,uint256) should mint tokens and emit Transfer",
      "title": "Test 22: PrivateCOTI: mint(address,uint256) should mint tokens and emit Transfer",
      "duration": 15762,
      "status": "passed",
      "callLog": [
        {
          "method": "PrivateCOTI.mint(address,uint256)",
          "args": [
            "0xAb81c57CCc578a5636BFF47B896BEC6Af1c30012",
            "10"
          ],
          "txHash": "0x9d4c33861f52a7dec983770e6ad7b1924753859ab4c45ab59bf2ddd48e10ebf7",
          "description": "mint(owner, 10) on PrivateCOTI"
        }
      ]
    },
    {
      "fullTitle": "Unified Privacy Bridges Suite PrivateERC20 Public-Amount Functions (PrivateCOTI) Test 23: PrivateCOTI: mint(address,uint256) should revert for non-MINTER_ROLE",
      "title": "Test 23: PrivateCOTI: mint(address,uint256) should revert for non-MINTER_ROLE",
      "duration": 10707,
      "status": "passed",
      "callLog": []
    },
    {
      "fullTitle": "Unified Privacy Bridges Suite PrivateERC20 Public-Amount Functions (PrivateCOTI) Test 24: PrivateCOTI: burn(uint256) should burn tokens and emit Transfer",
      "title": "Test 24: PrivateCOTI: burn(uint256) should burn tokens and emit Transfer",
      "duration": 14492,
      "status": "passed",
      "callLog": [
        {
          "method": "PrivateCOTI.burn(uint256)",
          "args": [
            "1"
          ],
          "txHash": "0xd27ae3aa16d28f632bfc985d0cd5a112f8f309e5898d2d91b71744784d74b00e",
          "description": "burn(1) on PrivateCOTI"
        }
      ]
    },
    {
      "fullTitle": "Unified Privacy Bridges Suite PrivateERC20 Public-Amount Functions (PrivateCOTI) Test 25: PrivateCOTI: transfer(address,uint256) should transfer tokens and emit Transfer",
      "title": "Test 25: PrivateCOTI: transfer(address,uint256) should transfer tokens and emit Transfer",
      "duration": 15113,
      "status": "passed",
      "callLog": [
        {
          "method": "PrivateCOTI.transfer(address,uint256)",
          "args": [
            "0x226D3Eb51e24D98150e682d0337c214779cD52A2",
            "2"
          ],
          "txHash": "0x45bf2685216433ad85dc6d01b1ee176c8ac139018bd893765663f04740f14ac6",
          "description": "transfer(user1, 2) on PrivateCOTI"
        }
      ]
    },
    {
      "fullTitle": "Unified Privacy Bridges Suite PrivateERC20 Public-Amount Functions (PrivateCOTI) Test 26: PrivateCOTI: approve(address,uint256) should set allowance and emit Approval",
      "title": "Test 26: PrivateCOTI: approve(address,uint256) should set allowance and emit Approval",
      "duration": 15034,
      "status": "passed",
      "callLog": [
        {
          "method": "PrivateCOTI.approve(address,uint256)",
          "args": [
            "0x226D3Eb51e24D98150e682d0337c214779cD52A2",
            "2"
          ],
          "txHash": "0xe040db49c100a73d522e781a12fe555aa8fd90d7cc0afec3cb307ae9eb99ebd9",
          "description": "approve(user1, 2) on PrivateCOTI"
        }
      ]
    },
    {
      "fullTitle": "Unified Privacy Bridges Suite PrivateERC20 Public-Amount Functions (PrivateCOTI) Test 27: PrivateCOTI: transferFrom(address,address,uint256) should spend allowance and emit Transfer",
      "title": "Test 27: PrivateCOTI: transferFrom(address,address,uint256) should spend allowance and emit Transfer",
      "duration": 14381,
      "status": "passed",
      "callLog": [
        {
          "method": "PrivateCOTI.transferFrom(address,address,uint256)",
          "args": [
            "0xAb81c57CCc578a5636BFF47B896BEC6Af1c30012",
            "0x226D3Eb51e24D98150e682d0337c214779cD52A2",
            "2"
          ],
          "txHash": "0x03156edfd4772835b22bc1e5ded66fb3417f415610ff8dcec7eb1d2c8dd2377e",
          "description": "transferFrom(owner→user1, 2) on PrivateCOTI"
        }
      ]
    },
    {
      "fullTitle": "Unified Privacy Bridges Suite PrivateERC20 Public-Amount Functions (PrivateCOTI) Test 28: PrivateCOTI (extend): setAccountEncryptionAddress & accountEncryptionAddress",
      "title": "Test 28: PrivateCOTI (extend): setAccountEncryptionAddress & accountEncryptionAddress",
      "duration": 15202,
      "status": "passed",
      "callLog": [
        {
          "method": "PrivateCOTI.setAccountEncryptionAddress",
          "args": [
            "<mock_address>"
          ],
          "txHash": "0xdf52f447203c2698ac45db640fdb6a59e6a0c0fbac2427c77d219d0114d8bf67",
          "description": "setAccountEncryptionAddress on PrivateCOTI"
        }
      ]
    },
    {
      "fullTitle": "Unified Privacy Bridges Suite PrivateERC20 Public-Amount Functions (PrivateCOTI) Test 29: PrivateCOTI (extend): transferAndCall (ERC677) triggers onTokenReceived",
      "title": "Test 29: PrivateCOTI (extend): transferAndCall (ERC677) triggers onTokenReceived",
      "duration": 24440,
      "status": "passed",
      "callLog": [
        {
          "method": "PrivateCOTI.transferAndCall",
          "args": [
            "0x3Df740763A445E01ff13fE2E5F7b17EEE17C7979",
            "0.1",
            "0x68656c..."
          ],
          "txHash": "0x15552d4bef2b345769543e14fc64e591926b27f747dba835a7f5bd59ec09583b",
          "description": "transferAndCall to PublicTokenReceiverMock on PrivateCOTI"
        }
      ]
    },
    {
      "fullTitle": "Unified Privacy Bridges Suite PrivateERC20 Public-Amount Functions (PrivateCOTI) Test 30: PrivateCOTI (extend): transfer(itUint256,address) with encrypted payload",
      "title": "Test 30: PrivateCOTI (extend): transfer(itUint256,address) with encrypted payload",
      "duration": 15056,
      "status": "passed",
      "callLog": [
        {
          "method": "PrivateCOTI.transfer(to, itAmount)",
          "args": [
            "0x226D3Eb51e24D98150e682d0337c214779cD52A2",
            "<encrypted>"
          ],
          "txHash": "0x87c68da5957bbb7cdffe536d3ea0a2a844befcd7643419e56b0a8323aa2e4e51",
          "description": "transfer(itUint256) on PrivateCOTI"
        }
      ]
    },
    {
      "fullTitle": "Unified Privacy Bridges Suite PrivateERC20 Public-Amount Functions (PrivateCOTI) Test 31: PrivateCOTI (extend): approve(address,itUint256) and allowance checks",
      "title": "Test 31: PrivateCOTI (extend): approve(address,itUint256) and allowance checks",
      "duration": 30103,
      "status": "passed",
      "callLog": [
        {
          "method": "PrivateCOTI.approve(spender, itAmount)",
          "args": [
            "0x226D3Eb51e24D98150e682d0337c214779cD52A2",
            "<encrypted>"
          ],
          "txHash": "0x3e2c37bf9047963c8bbbe64456eaef76b59c64d613e6ff526f2e33381388ce30",
          "description": "approve(itUint256) on PrivateCOTI"
        },
        {
          "method": "PrivateCOTI.reencryptAllowance",
          "args": [
            "0x226D3Eb51e24D98150e682d0337c214779cD52A2",
            "true"
          ],
          "txHash": "0xcacb5f2539e100b2d7787230e5182f545e8aa86ab6b8b22ba6fa5f8a1a6ade3d",
          "description": "reencryptAllowance on PrivateCOTI"
        }
      ]
    },
    {
      "fullTitle": "Unified Privacy Bridges Suite PrivateERC20 Public-Amount Functions (PrivateCOTI) Test 32: PrivateCOTI (extend): transferFrom(address,address,itUint256)",
      "title": "Test 32: PrivateCOTI (extend): transferFrom(address,address,itUint256)",
      "duration": 30263,
      "status": "passed",
      "callLog": [
        {
          "method": "PrivateCOTI.approve(address,uint256)",
          "args": [
            "0xAb81c57CCc578a5636BFF47B896BEC6Af1c30012",
            "1"
          ],
          "txHash": "0xbc22169dddf90214e7f10fda49f8de986e0709dc00fc8a67ecf5272ba8761a1f",
          "description": "Approve owner as spender for PrivateCOTI encrypted transferFrom"
        },
        {
          "method": "PrivateCOTI.transferFrom(from, to, itAmount)",
          "args": [
            "0xAb81c57CCc578a5636BFF47B896BEC6Af1c30012",
            "0x226D3Eb51e24D98150e682d0337c214779cD52A2",
            "<encrypted>"
          ],
          "txHash": "0xb2c1b70a36e4e18a6fd0360755abaf3de3b5db0c3b9faf8c0f518e81fe19a57a",
          "description": "transferFrom(itUint256) on PrivateCOTI"
        },
        {
          "method": "PrivateWrappedEther.grantRole",
          "args": [
            "MINTER_ROLE",
            "0xAb81c57CCc578a5636BFF47B896BEC6Af1c30012"
          ],
          "txHash": "0xdf9caab683bb42a8cb439934ced649ffaf08f07ea650c65e7b1df3882a9d9add",
          "description": "Grant MINTER_ROLE to owner for PrivateWrappedEther"
        }
      ]
    },
    {
      "fullTitle": "Unified Privacy Bridges Suite PrivateERC20 Public-Amount Functions (PrivateWrappedEther) Test 33: PrivateWrappedEther: mint(address,uint256) should mint tokens and emit Transfer",
      "title": "Test 33: PrivateWrappedEther: mint(address,uint256) should mint tokens and emit Transfer",
      "duration": 16363,
      "status": "passed",
      "callLog": [
        {
          "method": "PrivateWrappedEther.mint(address,uint256)",
          "args": [
            "0xAb81c57CCc578a5636BFF47B896BEC6Af1c30012",
            "10"
          ],
          "txHash": "0xa6c5e37f3c6b6acc74cfe6eacf6a4c627fc383d1b13c6735d0375760cebebaa7",
          "description": "mint(owner, 10) on PrivateWrappedEther"
        }
      ]
    },
    {
      "fullTitle": "Unified Privacy Bridges Suite PrivateERC20 Public-Amount Functions (PrivateWrappedEther) Test 34: PrivateWrappedEther: mint(address,uint256) should revert for non-MINTER_ROLE",
      "title": "Test 34: PrivateWrappedEther: mint(address,uint256) should revert for non-MINTER_ROLE",
      "duration": 10486,
      "status": "passed",
      "callLog": []
    },
    {
      "fullTitle": "Unified Privacy Bridges Suite PrivateERC20 Public-Amount Functions (PrivateWrappedEther) Test 35: PrivateWrappedEther: burn(uint256) should burn tokens and emit Transfer",
      "title": "Test 35: PrivateWrappedEther: burn(uint256) should burn tokens and emit Transfer",
      "duration": 14090,
      "status": "passed",
      "callLog": [
        {
          "method": "PrivateWrappedEther.burn(uint256)",
          "args": [
            "1"
          ],
          "txHash": "0xe9df45aeeb7653a428f3a6fafcbab796aeb016c73b02cb1f24d2dce5ab3ddf63",
          "description": "burn(1) on PrivateWrappedEther"
        }
      ]
    },
    {
      "fullTitle": "Unified Privacy Bridges Suite PrivateERC20 Public-Amount Functions (PrivateWrappedEther) Test 36: PrivateWrappedEther: transfer(address,uint256) should transfer tokens and emit Transfer",
      "title": "Test 36: PrivateWrappedEther: transfer(address,uint256) should transfer tokens and emit Transfer",
      "duration": 14936,
      "status": "passed",
      "callLog": [
        {
          "method": "PrivateWrappedEther.transfer(address,uint256)",
          "args": [
            "0x226D3Eb51e24D98150e682d0337c214779cD52A2",
            "2"
          ],
          "txHash": "0x64609d0e2c6bf71a621d941f46a7109b6b32929a617434ad844dc4ba6d5eaa6c",
          "description": "transfer(user1, 2) on PrivateWrappedEther"
        }
      ]
    },
    {
      "fullTitle": "Unified Privacy Bridges Suite PrivateERC20 Public-Amount Functions (PrivateWrappedEther) Test 37: PrivateWrappedEther: approve(address,uint256) should set allowance and emit Approval",
      "title": "Test 37: PrivateWrappedEther: approve(address,uint256) should set allowance and emit Approval",
      "duration": 15496,
      "status": "passed",
      "callLog": [
        {
          "method": "PrivateWrappedEther.approve(address,uint256)",
          "args": [
            "0x226D3Eb51e24D98150e682d0337c214779cD52A2",
            "2"
          ],
          "txHash": "0x2e554e8f9159a474de2f04b1f2d7424934e8cdfb7cfe462cd5f12dd8b5fa76f8",
          "description": "approve(user1, 2) on PrivateWrappedEther"
        }
      ]
    },
    {
      "fullTitle": "Unified Privacy Bridges Suite PrivateERC20 Public-Amount Functions (PrivateWrappedEther) Test 38: PrivateWrappedEther: transferFrom(address,address,uint256) should spend allowance and emit Transfer",
      "title": "Test 38: PrivateWrappedEther: transferFrom(address,address,uint256) should spend allowance and emit Transfer",
      "duration": 14940,
      "status": "passed",
      "callLog": [
        {
          "method": "PrivateWrappedEther.transferFrom(address,address,uint256)",
          "args": [
            "0xAb81c57CCc578a5636BFF47B896BEC6Af1c30012",
            "0x226D3Eb51e24D98150e682d0337c214779cD52A2",
            "2"
          ],
          "txHash": "0xf012f5e866a10606bea1f51b51ff25b6cdd21c3e93c34257d30087d7169dc234",
          "description": "transferFrom(owner→user1, 2) on PrivateWrappedEther"
        }
      ]
    },
    {
      "fullTitle": "Unified Privacy Bridges Suite PrivateERC20 Public-Amount Functions (PrivateWrappedEther) Test 39: PrivateWrappedEther (extend): setAccountEncryptionAddress & accountEncryptionAddress",
      "title": "Test 39: PrivateWrappedEther (extend): setAccountEncryptionAddress & accountEncryptionAddress",
      "duration": 14578,
      "status": "passed",
      "callLog": [
        {
          "method": "PrivateWrappedEther.setAccountEncryptionAddress",
          "args": [
            "<mock_address>"
          ],
          "txHash": "0x9a9f9f00650e2ee51d1d640d2d1ffe48370bdbe8b58c94ccb2eec7b275dcf55b",
          "description": "setAccountEncryptionAddress on PrivateWrappedEther"
        }
      ]
    },
    {
      "fullTitle": "Unified Privacy Bridges Suite PrivateERC20 Public-Amount Functions (PrivateWrappedEther) Test 40: PrivateWrappedEther (extend): transferAndCall (ERC677) triggers onTokenReceived",
      "title": "Test 40: PrivateWrappedEther (extend): transferAndCall (ERC677) triggers onTokenReceived",
      "duration": 24434,
      "status": "passed",
      "callLog": [
        {
          "method": "PrivateWrappedEther.transferAndCall",
          "args": [
            "0x94a40fA5FB0aa50e72409E21d95ceAFBC872F1cA",
            "0.1",
            "0x68656c..."
          ],
          "txHash": "0xde4c103cf269f73f39ba984aa9efecbc5c8f448ceb8a94dc4076633946e71799",
          "description": "transferAndCall to PublicTokenReceiverMock on PrivateWrappedEther"
        }
      ]
    },
    {
      "fullTitle": "Unified Privacy Bridges Suite PrivateERC20 Public-Amount Functions (PrivateWrappedEther) Test 41: PrivateWrappedEther (extend): transfer(itUint256,address) with encrypted payload",
      "title": "Test 41: PrivateWrappedEther (extend): transfer(itUint256,address) with encrypted payload",
      "duration": 14746,
      "status": "passed",
      "callLog": [
        {
          "method": "PrivateWrappedEther.transfer(to, itAmount)",
          "args": [
            "0x226D3Eb51e24D98150e682d0337c214779cD52A2",
            "<encrypted>"
          ],
          "txHash": "0x6e3b08c4cd7312a2ca9533f01fa9ab59bdda2b56b825e6b6b31847826756bcb5",
          "description": "transfer(itUint256) on PrivateWrappedEther"
        }
      ]
    },
    {
      "fullTitle": "Unified Privacy Bridges Suite PrivateERC20 Public-Amount Functions (PrivateWrappedEther) Test 42: PrivateWrappedEther (extend): approve(address,itUint256) and allowance checks",
      "title": "Test 42: PrivateWrappedEther (extend): approve(address,itUint256) and allowance checks",
      "duration": 30212,
      "status": "passed",
      "callLog": [
        {
          "method": "PrivateWrappedEther.approve(spender, itAmount)",
          "args": [
            "0x226D3Eb51e24D98150e682d0337c214779cD52A2",
            "<encrypted>"
          ],
          "txHash": "0x52003ed10c5d9228f2f5b5b0c72dab073ce9d5c7e7992d9852d1d1d596576664",
          "description": "approve(itUint256) on PrivateWrappedEther"
        },
        {
          "method": "PrivateWrappedEther.reencryptAllowance",
          "args": [
            "0x226D3Eb51e24D98150e682d0337c214779cD52A2",
            "true"
          ],
          "txHash": "0xf020988107b8b5310a4dd3143a6d45b481fb945da94c0fc11166caf38de71fbe",
          "description": "reencryptAllowance on PrivateWrappedEther"
        }
      ]
    },
    {
      "fullTitle": "Unified Privacy Bridges Suite PrivateERC20 Public-Amount Functions (PrivateWrappedEther) Test 43: PrivateWrappedEther (extend): transferFrom(address,address,itUint256)",
      "title": "Test 43: PrivateWrappedEther (extend): transferFrom(address,address,itUint256)",
      "duration": 30163,
      "status": "passed",
      "callLog": [
        {
          "method": "PrivateWrappedEther.approve(address,uint256)",
          "args": [
            "0xAb81c57CCc578a5636BFF47B896BEC6Af1c30012",
            "1"
          ],
          "txHash": "0xab34ed51486846d9e526a439a1534c871bed96891ee1fe8edbe2922d827120a5",
          "description": "Approve owner as spender for PrivateWrappedEther encrypted transferFrom"
        },
        {
          "method": "PrivateWrappedEther.transferFrom(from, to, itAmount)",
          "args": [
            "0xAb81c57CCc578a5636BFF47B896BEC6Af1c30012",
            "0x226D3Eb51e24D98150e682d0337c214779cD52A2",
            "<encrypted>"
          ],
          "txHash": "0xe0b085848cd9455f41c716c3dc0c158d28703989c562ed168e56bebff0cc4794",
          "description": "transferFrom(itUint256) on PrivateWrappedEther"
        },
        {
          "method": "PrivateCOTI.grantRole",
          "args": [
            "MINTER_ROLE",
            "0x7a13ABf1CdF25439d7728caF711C14ed847F8EE2"
          ],
          "txHash": "0x6a6bcabfd42c3dd99bb0ee96e36585d5643e99f08a9b83e7b9675e9e98a351dd",
          "description": "Grant MINTER_ROLE to bridge (coverage suite)"
        }
      ]
    },
    {
      "fullTitle": "Unified Privacy Bridges Suite Coverage Improvements - PrivacyBridgeCotiNative Test 45: coverage: getBridgeBalance explicit check",
      "title": "Test 45: coverage: getBridgeBalance explicit check",
      "duration": 1487,
      "status": "passed",
      "callLog": []
    },
    {
      "fullTitle": "Unified Privacy Bridges Suite Coverage Improvements - PrivacyBridgeCotiNative Test 46: coverage: receive() fallback with direct transfer",
      "title": "Test 46: coverage: receive() fallback with direct transfer",
      "duration": 19671,
      "status": "passed",
      "callLog": [
        {
          "method": "receive()",
          "args": [
            "0.01"
          ],
          "txHash": "0x9bb800afdef68dfe607be58232970ebcc0544666d984accd59a4e3c5aa3390a8",
          "description": "Direct COTI transfer to bridge (receive fallback)"
        }
      ]
    },
    {
      "fullTitle": "Unified Privacy Bridges Suite Coverage Improvements - PrivacyBridgeCotiNative Test 47: coverage: onTokenReceived direct call should revert InvalidAddress",
      "title": "Test 47: coverage: onTokenReceived direct call should revert InvalidAddress",
      "duration": 756,
      "status": "passed",
      "callLog": [
        {
          "method": "PrivateCOTI.grantRole",
          "args": [
            "MINTER_ROLE",
            "0xAb81c57CCc578a5636BFF47B896BEC6Af1c30012"
          ],
          "txHash": "0x4702222af5aa06e558089d8d8a5e379946f8eb89c907925083071327ecbf41d4",
          "description": "Grant MINTER_ROLE to owner for coverage tests"
        }
      ]
    },
    {
      "fullTitle": "Unified Privacy Bridges Suite Coverage Improvements - PrivateERC20 Test 48: coverage: name() returns token name",
      "title": "Test 48: coverage: name() returns token name",
      "duration": 919,
      "status": "passed",
      "callLog": []
    },
    {
      "fullTitle": "Unified Privacy Bridges Suite Coverage Improvements - PrivateERC20 Test 49: coverage: symbol() returns token symbol",
      "title": "Test 49: coverage: symbol() returns token symbol",
      "duration": 736,
      "status": "passed",
      "callLog": []
    },
    {
      "fullTitle": "Unified Privacy Bridges Suite Coverage Improvements - PrivateERC20 Test 50: coverage: decimals() returns 18",
      "title": "Test 50: coverage: decimals() returns 18",
      "duration": 901,
      "status": "passed",
      "callLog": []
    },
    {
      "fullTitle": "Unified Privacy Bridges Suite Coverage Improvements - PrivateERC20 Test 51: coverage: totalSupply() returns 0 (not implemented)",
      "title": "Test 51: coverage: totalSupply() returns 0 (not implemented)",
      "duration": 696,
      "status": "passed",
      "callLog": []
    },
    {
      "fullTitle": "Unified Privacy Bridges Suite Coverage Improvements - PrivateERC20 Test 52: coverage: balanceOf(address) returns ciphertext after mint",
      "title": "Test 52: coverage: balanceOf(address) returns ciphertext after mint",
      "duration": 18167,
      "status": "passed",
      "callLog": [
        {
          "method": "PrivateCOTI.mint(address,uint256)",
          "args": [
            "0xAb81c57CCc578a5636BFF47B896BEC6Af1c30012",
            "5"
          ],
          "txHash": "0xacf2cdb4a628ec02e30ef16faf3ccf89a9b49ba90506af5d68b2e596d7d8ce6c",
          "description": "Mint for balance query test"
        }
      ]
    },
    {
      "fullTitle": "Unified Privacy Bridges Suite Coverage Improvements - PrivateERC20 Test 53: coverage: balanceOf() returns garbled balance",
      "title": "Test 53: coverage: balanceOf() returns garbled balance",
      "duration": 1890,
      "status": "passed",
      "callLog": []
    },
    {
      "fullTitle": "Unified Privacy Bridges Suite Coverage Improvements - PrivateERC20 Test 54: coverage: allowance(address,address) returns Allowance struct",
      "title": "Test 54: coverage: allowance(address,address) returns Allowance struct",
      "duration": 18259,
      "status": "passed",
      "callLog": [
        {
          "method": "PrivateCOTI.approve(address,uint256)",
          "args": [
            "0x226D3Eb51e24D98150e682d0337c214779cD52A2",
            "1"
          ],
          "txHash": "0xd122e4a00d77eb9c71c252bb685d29b9641597fde41c8917f49c68bd7ddf8bbb",
          "description": "Approve for allowance query test"
        }
      ]
    },
    {
      "fullTitle": "Unified Privacy Bridges Suite Coverage Improvements - PrivateERC20 Test 55: coverage: allowance(address,bool) returns garbled allowance",
      "title": "Test 55: coverage: allowance(address,bool) returns garbled allowance",
      "duration": 2267,
      "status": "passed",
      "callLog": []
    },
    {
      "fullTitle": "Unified Privacy Bridges Suite Coverage Improvements - PrivateERC20 Test 56: coverage: mint(address,itUint256) encrypted mint",
      "title": "Test 56: coverage: mint(address,itUint256) encrypted mint",
      "duration": 16331,
      "status": "passed",
      "callLog": [
        {
          "method": "PrivateCOTI.mint(address,itUint256)",
          "args": [
            "0x226D3Eb51e24D98150e682d0337c214779cD52A2",
            "3"
          ],
          "txHash": "0xc27a325471048fc7d11dc779cf1cd0de9fe0ed810070f38e7066ebd9b26a0534",
          "description": "Encrypted mint"
        }
      ]
    },
    {
      "fullTitle": "Unified Privacy Bridges Suite Coverage Improvements - PrivateERC20 Test 57: coverage: burn(itUint256) encrypted burn",
      "title": "Test 57: coverage: burn(itUint256) encrypted burn",
      "duration": 14550,
      "status": "passed",
      "callLog": [
        {
          "method": "PrivateCOTI.burn(itUint256)",
          "args": [
            "1"
          ],
          "txHash": "0x243c10e1a855940139381a8afc601015dbe5c33f61691a37b1d57546d81b939a",
          "description": "Encrypted burn"
        }
      ]
    },
    {
      "fullTitle": "Unified Privacy Bridges Suite Coverage Improvements - PrivateERC20 Test 58: coverage: supportsInterface(bytes4) checks ERC165",
      "title": "Test 58: coverage: supportsInterface(bytes4) checks ERC165",
      "duration": 920,
      "status": "passed",
      "callLog": []
    },
    {
      "fullTitle": "Unified Privacy Bridges Suite Coverage Improvements - PrivateERC20 Test 59: coverage: transferAndCall(address,itUint256,bytes) encrypted ERC677",
      "title": "Test 59: coverage: transferAndCall(address,itUint256,bytes) encrypted ERC677",
      "duration": 24139,
      "status": "passed",
      "callLog": [
        {
          "method": "PrivateCOTI.transferAndCall(address,itUint256,bytes)",
          "args": [
            "0x2B9800036Bd0bfA355D93D76DBb94dB413FbfEe2",
            "0.5"
          ],
          "txHash": "0x30480919a17312b58e1f381975b3913740ae7755149ecfb8120f015503ff7b08",
          "description": "Encrypted transferAndCall"
        },
        {
          "method": "PrivateWrappedEther.grantRole",
          "args": [
            "MINTER_ROLE",
            "0xAb81c57CCc578a5636BFF47B896BEC6Af1c30012"
          ],
          "txHash": "0x51f282188406f6420d37fadbbcc1aa0f5dfe4df587b12441409210cee6e43026",
          "description": "Grant MINTER_ROLE to owner for PrivateWrappedEther coverage tests"
        }
      ]
    },
    {
      "fullTitle": "Unified Privacy Bridges Suite Coverage Improvements - PrivateWrappedEther Test 60: coverage: PrivateWrappedEther mint(address,itUint256) encrypted mint",
      "title": "Test 60: coverage: PrivateWrappedEther mint(address,itUint256) encrypted mint",
      "duration": 15346,
      "status": "passed",
      "callLog": [
        {
          "method": "PrivateWrappedEther.mint(address,itUint256)",
          "args": [
            "0x226D3Eb51e24D98150e682d0337c214779cD52A2",
            "3"
          ],
          "txHash": "0x2b62c247b19708d0acb0f522820972e3c132f8708e96a2fd9f0888cb44594b11",
          "description": "Encrypted mint"
        }
      ]
    },
    {
      "fullTitle": "Unified Privacy Bridges Suite Coverage Improvements - PrivateWrappedEther Test 61: coverage: PrivateWrappedEther burn(itUint256) encrypted burn",
      "title": "Test 61: coverage: PrivateWrappedEther burn(itUint256) encrypted burn",
      "duration": 30151,
      "status": "passed",
      "callLog": [
        {
          "method": "PrivateWrappedEther.mint(address,uint256)",
          "args": [
            "0xAb81c57CCc578a5636BFF47B896BEC6Af1c30012",
            "2"
          ],
          "txHash": "0xb093b3a84505ece31a1d06f08f501be157809007a63342105fc8105c9f5b23b8",
          "description": "Mint public tokens to owner before encrypted burn"
        },
        {
          "method": "PrivateWrappedEther.burn(itUint256)",
          "args": [
            "1"
          ],
          "txHash": "0x366c59653ec4991311cdeda09ece3d45496c04bc28e870f63cd0031bbb33317c",
          "description": "Encrypted burn"
        }
      ]
    },
    {
      "fullTitle": "Unified Privacy Bridges Suite Coverage Improvements - PrivateWrappedEther Test 62: coverage: PrivateWrappedEther transferAndCall(address,itUint256,bytes) encrypted ERC677",
      "title": "Test 62: coverage: PrivateWrappedEther transferAndCall(address,itUint256,bytes) encrypted ERC677",
      "duration": 39669,
      "status": "passed",
      "callLog": [
        {
          "method": "PrivateWrappedEther.mint(address,uint256)",
          "args": [
            "0xAb81c57CCc578a5636BFF47B896BEC6Af1c30012",
            "2"
          ],
          "txHash": "0x8064b1c5c943d11fdc70e3910dce6ecfc3db5f0fb83e7cf628c0a7f337fc1bef",
          "description": "Mint tokens to owner before encrypted transferAndCall"
        },
        {
          "method": "PrivateWrappedEther.transferAndCall(address,itUint256,bytes)",
          "args": [
            "0xD0616dB808944c5efB3Df3B57ed106c64988f830",
            "0.5"
          ],
          "txHash": "0x4e3bbe66e69875838fb88e0525d3618638a7dfbf4e585e9463a54602b10ea95a",
          "description": "Encrypted transferAndCall"
        }
      ]
    }
  ],
  "contractAddresses": [
    {
      "contractName": "PrivacyBridgeCotiNative",
      "address": "0x8860eF23E72110A3df47eC90F6B5F07d82Ba1486",
      "suite": "Native Bridge"
    },
    {
      "contractName": "PrivateERC20Mock",
      "address": "0xFda8137AE339DeD6C9B9d8dF3C14DD016f081a99",
      "suite": "Native Bridge"
    },
    {
      "contractName": "PrivacyBridgeWETH",
      "address": "0x450304F22B41f383363F76e877B82CCA800bb9ae",
      "suite": "ERC20 Bridge (WETH)"
    },
    {
      "contractName": "ERC20Mock",
      "address": "0x8bca4e6bbE402DB4aD189A316137aD08206154FB",
      "suite": "ERC20 Bridge (WETH)"
    },
    {
      "contractName": "PrivateToken",
      "address": "0x6f7E5eE3a913aa00c6eB9fEeCad57a7d02F7f45c",
      "suite": "ERC20 Bridge (WETH)"
    },
    {
      "contractName": "PrivateCOTI",
      "address": "0x03eeA59b1F0Dfeaece75531b27684DD882f79759",
      "suite": "PrivateERC20 Public-Amount (PrivateCOTI)"
    },
    {
      "contractName": "PrivateWrappedEther",
      "address": "0x6f7E5eE3a913aa00c6eB9fEeCad57a7d02F7f45c",
      "suite": "PrivateERC20 Public-Amount (PrivateWrappedEther)"
    },
    {
      "contractName": "PrivacyBridgeCotiNative",
      "address": "0x7a13ABf1CdF25439d7728caF711C14ed847F8EE2",
      "suite": "Coverage - PrivacyBridgeCotiNative"
    },
    {
      "contractName": "PrivateCOTI",
      "address": "0x03eeA59b1F0Dfeaece75531b27684DD882f79759",
      "suite": "Coverage - PrivacyBridgeCotiNative"
    },
    {
      "contractName": "PrivateCOTI",
      "address": "0x03eeA59b1F0Dfeaece75531b27684DD882f79759",
      "suite": "Coverage - PrivateERC20"
    },
    {
      "contractName": "PrivateWrappedEther",
      "address": "0x6f7E5eE3a913aa00c6eB9fEeCad57a7d02F7f45c",
      "suite": "Coverage - PrivateWrappedEther"
    }
  ]
}